coarse_config.py,D:\Users\jwhite\Fortran\i64_pest_suite\beopest\beopest\_paired_1\coarse_config.py
create_coarse.py,D:\Users\jwhite\Fortran\i64_pest_suite\beopest\beopest\_paired_1\create_coarse.py
create_fine.py,D:\Users\jwhite\Fortran\i64_pest_suite\beopest\beopest\_paired_1\create_fine.py
fine_config.py,D:\Users\jwhite\Fortran\i64_pest_suite\beopest\beopest\_paired_1\fine_config.py
make_pp_locs_eachcell.py,D:\Users\jwhite\Fortran\i64_pest_suite\beopest\beopest\_paired_1\make_pp_locs_eachcell.py
plot_coarse_results.py,D:\Users\jwhite\Fortran\i64_pest_suite\beopest\beopest\_paired_1\plot_coarse_results.py
plot_fine_results.py,D:\Users\jwhite\Fortran\i64_pest_suite\beopest\beopest\_paired_1\plot_fine_results.py
coarse_config.py_1,D:\Users\jwhite\Fortran\i64_pest_suite\beopest\testing\master\coarse_config.py
create_coarse.py_1,D:\Users\jwhite\Fortran\i64_pest_suite\beopest\testing\master\create_coarse.py
create_fine.py_1,D:\Users\jwhite\Fortran\i64_pest_suite\beopest\testing\master\create_fine.py
fine_config.py_1,D:\Users\jwhite\Fortran\i64_pest_suite\beopest\testing\master\fine_config.py
make_pp_locs_eachcell.py_1,D:\Users\jwhite\Fortran\i64_pest_suite\beopest\testing\master\make_pp_locs_eachcell.py
plot_coarse_results.py_1,D:\Users\jwhite\Fortran\i64_pest_suite\beopest\testing\master\plot_coarse_results.py
plot_fine_results.py_1,D:\Users\jwhite\Fortran\i64_pest_suite\beopest\testing\master\plot_fine_results.py
coarse_config.py_2,D:\Users\jwhite\Fortran\i64_pest_suite\beopest\testing\slave\coarse_config.py
create_coarse.py_2,D:\Users\jwhite\Fortran\i64_pest_suite\beopest\testing\slave\create_coarse.py
create_fine.py_2,D:\Users\jwhite\Fortran\i64_pest_suite\beopest\testing\slave\create_fine.py
fine_config.py_2,D:\Users\jwhite\Fortran\i64_pest_suite\beopest\testing\slave\fine_config.py
make_pp_locs_eachcell.py_2,D:\Users\jwhite\Fortran\i64_pest_suite\beopest\testing\slave\make_pp_locs_eachcell.py
plot_coarse_results.py_2,D:\Users\jwhite\Fortran\i64_pest_suite\beopest\testing\slave\plot_coarse_results.py
plot_fine_results.py_2,D:\Users\jwhite\Fortran\i64_pest_suite\beopest\testing\slave\plot_fine_results.py
rename_src.py,D:\Users\jwhite\Fortran\i64_pest_suite\plproc\rename_src.py
fix_comments.py,D:\Users\jwhite\Fortran\i64_pest_suite\plproc\src_sept2012\fix_comments.py
setup_predunc5_sweep.py,D:\Users\jwhite\Fortran\i64_pest_suite\predunc5\predunc5\predunc5_slave\setup_predunc5_sweep.py
time_runs.py,D:\Users\jwhite\Fortran\i64_pest_suite\predunc5\predunc5\predunc5_slave\time_runs.py
run_exe.py,D:\Users\jwhite\Fortran\i64_pest_suite\predunc5\predunc5\predunc5_slave\pred_vectors\run_exe.py
make_obs_type.py,D:\Users\jwhite\Fortran\i64_pest_suite\predunc5\predunc5\predunc5_slave\pst_jco\make_obs_type.py
time_runs.py_1,D:\Users\jwhite\Fortran\i64_pest_suite\predvar1\predvar1\test\time_runs.py
make_singvals.py,D:\Users\jwhite\Fortran\i64_pest_suite\predvar1a\predvar1a\henry_2\make_singvals.py
compare_qx.py,D:\Users\jwhite\Fortran\i64_pest_suite\predvar1a\predvar1a\henry_simplication_test\compare_qx.py
compare_results.py,D:\Users\jwhite\Fortran\i64_pest_suite\predvar1a\predvar1a\henry_simplication_test\compare_results.py
predvar1b.py,D:\Users\jwhite\Fortran\i64_pest_suite\predvar1a\predvar1a\henry_simplication_test\predvar1b.py
predvar1c.py,D:\Users\jwhite\Fortran\i64_pest_suite\predvar1a\predvar1a\henry_simplication_test\predvar1c.py
zero_out_struct_pars.py,D:\Users\jwhite\Fortran\i64_pest_suite\predvar1a\predvar1a\test3\zero_out_struct_pars.py
make_ibound.py,D:\Users\jwhite\Fortran\i64_pest_suite\predvar1a\predvar1a\test3\reduce_pest\make_ibound.py
make_init_conc.py,D:\Users\jwhite\Fortran\i64_pest_suite\predvar1a\predvar1a\test3\reduce_pest\make_init_conc.py
make_zone.py,D:\Users\jwhite\Fortran\i64_pest_suite\predvar1a\predvar1a\test3\reduce_pest\make_zone.py
make_ibound.py_1,D:\Users\jwhite\Fortran\i64_pest_suite\predvar1a\predvar1a\test3\syn_uniform\make_ibound.py
make_init_conc.py_1,D:\Users\jwhite\Fortran\i64_pest_suite\predvar1a\predvar1a\test3\syn_uniform\make_init_conc.py
make_zone.py_1,D:\Users\jwhite\Fortran\i64_pest_suite\predvar1a\predvar1a\test3\syn_uniform\make_zone.py
plot_heads.py,D:\Users\jwhite\Fortran\i64_pest_suite\predvar1b\predvar1b\simple_1d_test\plot_heads.py
plot_svd.py,D:\Users\jwhite\Fortran\i64_pest_suite\predvar1b\predvar1b\simple_1d_test\plot_svd.py
create_syn_model.py,D:\Users\jwhite\Fortran\i64_pest_suite\predvar1b\predvar1b\simple_1d_test\synthetic\create_syn_model.py
zero_out_struct_pars.py_1,D:\Users\jwhite\Fortran\i64_pest_suite\predvar1b\predvar1b\test2\zero_out_struct_pars.py
make_ibound.py_2,D:\Users\jwhite\Fortran\i64_pest_suite\predvar1b\predvar1b\test2\reduce_pest\make_ibound.py
make_init_conc.py_2,D:\Users\jwhite\Fortran\i64_pest_suite\predvar1b\predvar1b\test2\reduce_pest\make_init_conc.py
make_zone.py_2,D:\Users\jwhite\Fortran\i64_pest_suite\predvar1b\predvar1b\test2\reduce_pest\make_zone.py
make_ibound.py_3,D:\Users\jwhite\Fortran\i64_pest_suite\predvar1b\predvar1b\test2\syn_uniform\make_ibound.py
make_init_conc.py_3,D:\Users\jwhite\Fortran\i64_pest_suite\predvar1b\predvar1b\test2\syn_uniform\make_init_conc.py
make_zone.py_3,D:\Users\jwhite\Fortran\i64_pest_suite\predvar1b\predvar1b\test2\syn_uniform\make_zone.py
make_singvals.py_1,D:\Users\jwhite\Fortran\i64_pest_suite\sensobs\sensobs\henry_2\make_singvals.py
make_swr_tsproc_in.py,D:\Users\jwhite\Fortran\tsproc\Debug\make_swr_tsproc_in.py
numpy_example.py,D:\Users\jwhite\personal\numpy_example.py
rand_test.py,D:\Users\jwhite\personal\rand_test.py
simple.py,D:\Users\jwhite\personal\simple.py
interpolation_plot_factors.py,D:\Users\jwhite\personal\disseration\interpolation\_pyprojects\interpolation_plot_factors\interpolation_plot_factors\interpolation_plot_factors.py
create_klmodel.py,D:\Users\jwhite\personal\disseration\kl_python\create_klmodel.py
kl_config.py,D:\Users\jwhite\personal\disseration\kl_python\kl_config.py
kl_setup.py,D:\Users\jwhite\personal\disseration\kl_python\kl_setup.py
kl_test.py,D:\Users\jwhite\personal\disseration\kl_python\kl_test.py
plot_heads.py_1,D:\Users\jwhite\personal\disseration\kl_python\plot_heads.py
setup_obs_pp.py,D:\Users\jwhite\personal\disseration\kl_python\setup_obs_pp.py
kl2native.py,D:\Users\jwhite\personal\disseration\kl_python\pest\kl2native.py
kl_config.py_1,D:\Users\jwhite\personal\disseration\kl_python\pest\kl_config.py
make_init_k.py,D:\Users\jwhite\personal\disseration\kl_python\pest\make_init_k.py
native2kl.py,D:\Users\jwhite\personal\disseration\kl_python\pest\native2kl.py
plot_k.py,D:\Users\jwhite\personal\disseration\kl_python\pest\plot_k.py
KL_plot_rand_field_components.py,D:\Users\jwhite\personal\disseration\kl_python\_pyprojects\KL_plot_rand_field_components\KL_plot_rand_field_components\KL_plot_rand_field_components.py
newton_image_processing.py,D:\Users\jwhite\personal\disseration\proposal\presentation\_pyprojects\newton_image_processing\newton_image_processing\newton_image_processing.py
secant_plot.py,D:\Users\jwhite\personal\disseration\proposal\presentation\_pyprojects\secant_plot\secant_plot\secant_plot.py
eigen_example.py,D:\Users\jwhite\personal\disseration\quals\Sarah\_pyprojects\eigen_example\eigen_example\eigen_example.py
eigen_simple.py,D:\Users\jwhite\personal\disseration\quals\Sarah\_pyprojects\eigen_simple\eigen_simple\eigen_simple.py
addordinal.py,D:\Users\jwhite\personal\ecohydro\addordinal.py
plot_hills.py,D:\Users\jwhite\personal\ecohydro\plot_hills.py
make_plot_reals.py,D:\Users\jwhite\personal\for_jason\make_plot_reals.py
make_zone.py_4,D:\Users\jwhite\personal\for_jason\make_zone.py
read_xls_example.py,D:\Users\jwhite\personal\for_jessica\read_xlsx_example\read_xlsx_example\read_xls_example.py
calc_prism.py,D:\Users\jwhite\personal\freesurface\calc_prism.py
calc_prism_class.py,D:\Users\jwhite\personal\freesurface\calc_prism_class.py
conjugates.py,D:\Users\jwhite\personal\freesurface\conjugates.py
es_5-4.py,D:\Users\jwhite\personal\freesurface\es_5-4.py
ex_5-1.py,D:\Users\jwhite\personal\freesurface\ex_5-1.py
ex_5-2.py,D:\Users\jwhite\personal\freesurface\ex_5-2.py
ex_5-4.py,D:\Users\jwhite\personal\freesurface\ex_5-4.py
m_tri_prism.py,D:\Users\jwhite\personal\freesurface\m_tri_prism.py
prob_5-11.py,D:\Users\jwhite\personal\freesurface\prob_5-11.py
prob_5-11b.py,D:\Users\jwhite\personal\freesurface\prob_5-11b.py
prob_5-11_wsp_plot.py,D:\Users\jwhite\personal\freesurface\prob_5-11_wsp_plot.py
prob_5-2.py,D:\Users\jwhite\personal\freesurface\prob_5-2.py
prob_5-5.py,D:\Users\jwhite\personal\freesurface\prob_5-5.py
prob_5-6.py,D:\Users\jwhite\personal\freesurface\prob_5-6.py
plot_e.py,D:\Users\jwhite\personal\freesurface\energy_diagrams\plot_e.py
problem_2_1.py,D:\Users\jwhite\personal\freesurface\energy_diagrams\problem_2_1.py
problem_2_2.py,D:\Users\jwhite\personal\freesurface\energy_diagrams\problem_2_2.py
problem_2_3.py,D:\Users\jwhite\personal\freesurface\energy_diagrams\problem_2_3.py
problem_2_4.py,D:\Users\jwhite\personal\freesurface\energy_diagrams\problem_2_4.py
problem_2_5.py,D:\Users\jwhite\personal\freesurface\energy_diagrams\problem_2_5.py
problem_2_6.py,D:\Users\jwhite\personal\freesurface\energy_diagrams\problem_2_6.py
problem_2_7.py,D:\Users\jwhite\personal\freesurface\energy_diagrams\problem_2_7.py
prob_2-18.py,D:\Users\jwhite\personal\freesurface\hw_2\prob_2-18.py
prob_2-19.py,D:\Users\jwhite\personal\freesurface\hw_2\prob_2-19.py
prob_3-1.py,D:\Users\jwhite\personal\freesurface\hw_3\prob_3-1.py
prob_3-2.py,D:\Users\jwhite\personal\freesurface\hw_3\prob_3-2.py
prob_3-3.py,D:\Users\jwhite\personal\freesurface\hw_3\prob_3-3.py
prob_3-7.py,D:\Users\jwhite\personal\freesurface\hw_3\prob_3-7.py
prob_3-8.py,D:\Users\jwhite\personal\freesurface\hw_3\prob_3-8.py
prob_4-1.py,D:\Users\jwhite\personal\freesurface\hw_4\prob_4-1.py
prob_4-10.py,D:\Users\jwhite\personal\freesurface\hw_4\prob_4-10.py
prob_4-11.py,D:\Users\jwhite\personal\freesurface\hw_4\prob_4-11.py
prob_4-12.py,D:\Users\jwhite\personal\freesurface\hw_4\prob_4-12.py
prob_4-13.py,D:\Users\jwhite\personal\freesurface\hw_4\prob_4-13.py
prob_4-14.py,D:\Users\jwhite\personal\freesurface\hw_4\prob_4-14.py
prob_4-16.py,D:\Users\jwhite\personal\freesurface\hw_4\prob_4-16.py
prob_4-17.py,D:\Users\jwhite\personal\freesurface\hw_4\prob_4-17.py
prob_4-2.py,D:\Users\jwhite\personal\freesurface\hw_4\prob_4-2.py
prob_4-22.py,D:\Users\jwhite\personal\freesurface\hw_4\prob_4-22.py
prob_4-3.py,D:\Users\jwhite\personal\freesurface\hw_4\prob_4-3.py
prob_4-8.py,D:\Users\jwhite\personal\freesurface\hw_4\prob_4-8.py
prob_4-9.py,D:\Users\jwhite\personal\freesurface\hw_4\prob_4-9.py
midterm_prob1.py,D:\Users\jwhite\personal\freesurface\midterm\midterm_prob1.py
midterm_prob2.py,D:\Users\jwhite\personal\freesurface\midterm\midterm_prob2.py
midterm_prob3.py,D:\Users\jwhite\personal\freesurface\midterm\midterm_prob3.py
midterm_prob_2_1.py,D:\Users\jwhite\personal\freesurface\midterm\midterm_prob_2_1.py
midterm_prob_2_2.py,D:\Users\jwhite\personal\freesurface\midterm\midterm_prob_2_2.py
m_tri_prism.py_1,D:\Users\jwhite\personal\freesurface\midterm\m_tri_prism.py
prob_2_1_prism.py,D:\Users\jwhite\personal\freesurface\midterm\prob_2_1_prism.py
prob_2_2_prism.py,D:\Users\jwhite\personal\freesurface\midterm\prob_2_2_prism.py
prob_2_5_prism.py,D:\Users\jwhite\personal\freesurface\midterm\prob_2_5_prism.py
prob_2_6_prism.py,D:\Users\jwhite\personal\freesurface\midterm\prob_2_6_prism.py
prob_3-3_prism.py,D:\Users\jwhite\personal\freesurface\midterm\prob_3-3_prism.py
prob_3_13_prism.py,D:\Users\jwhite\personal\freesurface\midterm\prob_3_13_prism.py
prob_3_4_prism.py,D:\Users\jwhite\personal\freesurface\midterm\prob_3_4_prism.py
prob_3_7_prism.py,D:\Users\jwhite\personal\freesurface\midterm\prob_3_7_prism.py
stilling_basin.py,D:\Users\jwhite\personal\freesurface\midterm\stilling_basin.py
stilling_basin_prism.py,D:\Users\jwhite\personal\freesurface\midterm\stilling_basin_prism.py
test_probs.py,D:\Users\jwhite\personal\freesurface\midterm\test_probs.py
test_prob_circ.py,D:\Users\jwhite\personal\freesurface\midterm\test_prob_circ.py
test_prob_trap.py,D:\Users\jwhite\personal\freesurface\midterm\test_prob_trap.py
prob_5-11_wsp_plot.py_1,D:\Users\jwhite\personal\freesurface\python\prob_5-11_wsp_plot.py
prob_5-2.py_1,D:\Users\jwhite\personal\freesurface\python\prob_5-2.py
prob_5-5.py_1,D:\Users\jwhite\personal\freesurface\python\prob_5-5.py
prob_5-6.py_1,D:\Users\jwhite\personal\freesurface\python\prob_5-6.py
trend.py,D:\Users\jwhite\personal\TSA\hw_2\trend.py
earthq.py,D:\Users\jwhite\personal\TSA\hw_3\earthq.py
earthq_runstest.py,D:\Users\jwhite\personal\TSA\hw_3\earthq_runstest.py
q1_runstest.py,D:\Users\jwhite\personal\TSA\hw_3\q1_runstest.py
runs.py,D:\Users\jwhite\personal\TSA\hw_3\runs.py
acf.py,D:\Users\jwhite\personal\TSA\hw_4\acf.py
acf_ma.py,D:\Users\jwhite\personal\TSA\hw_4\acf_ma.py
fft_plot.py,D:\Users\jwhite\personal\TSA\midterm\fft_plot.py
plot.py,D:\Users\jwhite\personal\TSA\midterm\plot.py
sunspots.py,D:\Users\jwhite\personal\TSA\midterm\fft\sunspots.py
ma_ar.py,D:\Users\jwhite\personal\TSA\midterm\ma_ar\ma_ar.py
14b_fix.py,D:\Users\jwhite\personal\Vicki\14b_fix.py
make_tbc.py,D:\Users\jwhite\personal\Vicki\make_tbc.py
make_array_from_theissen.py,D:\Users\jwhite\Projects\Broward\GIS_older\Shapes\make_array_from_theissen.py
plot_results.py,D:\Users\jwhite\Projects\Broward\seawat_older\model\plot_results.py
plot_results_seq.py,D:\Users\jwhite\Projects\Broward\seawat_older\model\plot_results_seq.py
plot_results.py_1,D:\Users\jwhite\Projects\Broward\seawat_older\model_8layer\plot_results.py
plot_results_seq.py_1,D:\Users\jwhite\Projects\Broward\seawat_older\model_8layer\plot_results_seq.py
pro_ch_cells.py,D:\Users\jwhite\Projects\Broward\seawat_older\model_8layer\pro_ch_cells.py
ibnd_work.py,D:\Users\jwhite\Projects\Broward\seawat_older\model_8layer_seawat\ibnd_work.py
plot_chd.py,D:\Users\jwhite\Projects\Broward\seawat_older\model_8layer_seawat\plot_chd.py
plot_ibnd.py,D:\Users\jwhite\Projects\Broward\seawat_older\model_8layer_seawat\plot_ibnd.py
plot_results.py_2,D:\Users\jwhite\Projects\Broward\seawat_older\model_8layer_seawat\plot_results.py
plot_results_seq.py_2,D:\Users\jwhite\Projects\Broward\seawat_older\model_8layer_seawat\plot_results_seq.py
plot_ssm.py,D:\Users\jwhite\Projects\Broward\seawat_older\model_8layer_seawat\plot_ssm.py
prep_chd.py,D:\Users\jwhite\Projects\Broward\seawat_older\model_8layer_seawat\prep_chd.py
pro_ch_cells.py_1,D:\Users\jwhite\Projects\Broward\seawat_older\model_8layer_seawat\pro_ch_cells.py
ref2grd.py,D:\Users\jwhite\Projects\Broward\seawat_older\model_8layer_seawat\ref2grd.py
ref2grd_single.py,D:\Users\jwhite\Projects\Broward\seawat_older\model_8layer_seawat\ref2grd_single.py
broward_bcdpep_add_data_2_shape.py,D:\Users\jwhite\Projects\Broward\_BCDPEP\_pyprojects\broward_bcdpep_add_data_2_shape\broward_bcdpep_add_data_2_shape\broward_bcdpep_add_data_2_shape.py
broward_bcdpep_build_tidal_conc.py,D:\Users\jwhite\Projects\Broward\_BCDPEP\_pyprojects\broward_bcdpep_build_tidal_conc\broward_bcdpep_build_tidal_conc\broward_bcdpep_build_tidal_conc.py
make_dbkey_query_string.py,D:\Users\jwhite\Projects\Broward\_dbhydro\make_dbkey_query_string.py
mp_process_tslisting_flex.py,D:\Users\jwhite\Projects\Broward\_dbhydro\mp_process_tslisting_flex.py
ts_listing_replace_doublequotes.py,D:\Users\jwhite\Projects\Broward\_dbhydro\ts_listing_replace_doublequotes.py
getdbkey.py,D:\Users\jwhite\Projects\Broward\_dbhydro\_pyprojects\getdbkey.py
getdbkeyxy.py,D:\Users\jwhite\Projects\Broward\_dbhydro\_pyprojects\getdbkeyxy.py
make_gate_ts.py,D:\Users\jwhite\Projects\Broward\_dbhydro\_pyprojects\make_gate_ts.py
make_tslisting_shp.py,D:\Users\jwhite\Projects\Broward\_dbhydro\_pyprojects\make_tslisting_shp.py
m_count.py,D:\Users\jwhite\Projects\Broward\_dbhydro\_pyprojects\m_count.py
thread_process_tslisting.py,D:\Users\jwhite\Projects\Broward\_dbhydro\_pyprojects\thread_process_tslisting.py
broward_dbhydronames_2_struct_shape.py,D:\Users\jwhite\Projects\Broward\_dbhydro\_pyprojects\broward_dbhydronames_2_struct_shape\broward_dbhydronames_2_struct_shape\broward_dbhydronames_2_struct_shape.py
broward_dbhydro_daily2stressperiod.py,D:\Users\jwhite\Projects\Broward\_dbhydro\_pyprojects\broward_dbhydro_daily2stressperiod\broward_dbhydro_daily2stressperiod\broward_dbhydro_daily2stressperiod.py
broward_dbhydro_get_reclen.py,D:\Users\jwhite\Projects\Broward\_dbhydro\_pyprojects\broward_dbhydro_get_reclen\broward_dbhydro_get_reclen\broward_dbhydro_get_reclen.py
broward_dbhydro_primary_stage_merge.py,D:\Users\jwhite\Projects\Broward\_dbhydro\_pyprojects\broward_dbhydro_primary_stage_merge\broward_dbhydro_primary_stage_merge\broward_dbhydro_primary_stage_merge.py
broward_dbhydro_primary_stg_series.py,D:\Users\jwhite\Projects\Broward\_dbhydro\_pyprojects\broward_dbhydro_primary_stg_series\broward_dbhydro_primary_stg_series\broward_dbhydro_primary_stg_series.py
broward_dbhydro_rain_2_dataframe.py,D:\Users\jwhite\Projects\Broward\_dbhydro\_pyprojects\broward_dbhydro_rain_2_dataframe\broward_dbhydro_rain_2_dataframe\broward_dbhydro_rain_2_dataframe.py
dbhydro_precip_INST_2_SUM.py,D:\Users\jwhite\Projects\Broward\_dbhydro\_pyprojects\dbhydro_precip_INST_2_SUM\dbhydro_precip_INST_2_SUM\dbhydro_precip_INST_2_SUM.py
fix_tslisting.py,D:\Users\jwhite\Projects\Broward\_dbhydro\_pyprojects\fix_tslisting\fix_tslisting\fix_tslisting.py
repair_dbhydro_names.py,D:\Users\jwhite\Projects\Broward\_dbhydro\_pyprojects\repair_dbhydro_names\repair_dbhydro_names\repair_dbhydro_names.py
UMD_BND_Fromnetcdf.py,D:\Users\jwhite\Projects\Broward\_eden\UMD_BND_Fromnetcdf.py
broward_eden_hindcast.py,D:\Users\jwhite\Projects\Broward\_eden\_pyprojects\broward_eden_hindcast\broward_eden_hindcast\broward_eden_hindcast.py
broward_eden_make_ghb_make.py,D:\Users\jwhite\Projects\Broward\_eden\_pyprojects\broward_eden_make_ghb_make\broward_eden_make_ghb_make\broward_eden_make_ghb_make.py
broward_eden_make_pixel_timeseries.py,D:\Users\jwhite\Projects\Broward\_eden\_pyprojects\broward_eden_make_pixel_timeseries\broward_eden_make_pixel_timeseries\broward_eden_make_pixel_timeseries.py
broward_eden_plot_smps.py,D:\Users\jwhite\Projects\Broward\_eden\_pyprojects\broward_eden_plot_smps\broward_eden_plot_smps\broward_eden_plot_smps.py
broward_eden_unzip.py,D:\Users\jwhite\Projects\Broward\_eden\_pyprojects\broward_eden_unzip\broward_eden_unzip\broward_eden_unzip.py
broward_ftl_depth_integrate_saltdata.py,D:\Users\jwhite\Projects\Broward\_ftl_salt\pyprojects\broward_ftl_depth_integrate_saltdata\broward_ftl_depth_integrate_saltdata\broward_ftl_depth_integrate_saltdata.py
broward_ftl_process_saltdata.py,D:\Users\jwhite\Projects\Broward\_ftl_salt\pyprojects\broward_ftl_process_saltdata\broward_ftl_process_saltdata\broward_ftl_process_saltdata.py
fix_pixel_attribute.py,D:\Users\jwhite\Projects\Broward\_gis\fix_pixel_attribute.py
make_arrays.py,D:\Users\jwhite\Projects\Broward\_gis\make_arrays.py
broward_gis_npart_polygons.py,D:\Users\jwhite\Projects\Broward\_gis\_pyprojects\broward_gis_npart_polygons\broward_gis_npart_polygons\broward_gis_npart_polygons.py
broward_gis_repair_grid_master.py,D:\Users\jwhite\Projects\Broward\_gis\_pyprojects\broward_gis_repair_grid_master\broward_gis_repair_grid_master\broward_gis_repair_grid_master.py
geosys.py,D:\Users\jwhite\Projects\Broward\_hydrostrat\FGS_Lith\geosys.py
plot1Realization.py,D:\Users\jwhite\Projects\Broward\_hydrostrat\Geostats\OLDER\12_layer\plot1Realization.py
processreals.py,D:\Users\jwhite\Projects\Broward\_hydrostrat\Geostats\OLDER\12_layer\processreals.py
extractGSLIB_props.py,D:\Users\jwhite\Projects\Broward\_hydrostrat\Geostats\OLDER\SGEMS\extractGSLIB_props.py
make_tbl_29.py,D:\Users\jwhite\Projects\Broward\_hydrostrat\Geostats\OLDER\SGEMS\make_tbl_29.py
plot1Realization.py_1,D:\Users\jwhite\Projects\Broward\_hydrostrat\Geostats\OLDER\SGEMS\plot1Realization.py
plot_1array.py,D:\Users\jwhite\Projects\Broward\_hydrostrat\Geostats\OLDER\SGEMS\plot_1array.py
processProbs.py,D:\Users\jwhite\Projects\Broward\_hydrostrat\Geostats\OLDER\SGEMS\processProbs.py
processRealizations.py,D:\Users\jwhite\Projects\Broward\_hydrostrat\Geostats\OLDER\SGEMS\processRealizations.py
ref2grd.py_1,D:\Users\jwhite\Projects\Broward\_hydrostrat\Geostats\OLDER\SGEMS\ref2grd.py
resample.py,D:\Users\jwhite\Projects\Broward\_hydrostrat\Geostats\OLDER\SGEMS\resample.py
run_dssim.py,D:\Users\jwhite\Projects\Broward\_hydrostrat\Geostats\OLDER\SGEMS\run_dssim.py
run_dssim_12layers.py,D:\Users\jwhite\Projects\Broward\_hydrostrat\Geostats\OLDER\SGEMS\run_dssim_12layers.py
run_sgsim.py,D:\Users\jwhite\Projects\Broward\_hydrostrat\Geostats\OLDER\SGEMS\run_sgsim.py
testpython.py,D:\Users\jwhite\Projects\Broward\_hydrostrat\Geostats\OLDER\SGEMS\testpython.py
calc_layer_bot.py,D:\Users\jwhite\Projects\Broward\_hydrostrat\Geostats\OLDER\SGEMS\clip\calc_layer_bot.py
plot_1array.py_1,D:\Users\jwhite\Projects\Broward\_hydrostrat\Geostats\OLDER\SGEMS\clip\plot_1array.py
plot_layer_bot.py,D:\Users\jwhite\Projects\Broward\_hydrostrat\Geostats\OLDER\SGEMS\clip\plot_layer_bot.py
smooth.py,D:\Users\jwhite\Projects\Broward\_hydrostrat\Geostats\OLDER\SGEMS\clip\smooth.py
smooth_multi.py,D:\Users\jwhite\Projects\Broward\_hydrostrat\Geostats\OLDER\SGEMS\clip\smooth_multi.py
calc_layer_bot.py_1,D:\Users\jwhite\Projects\Broward\_hydrostrat\Geostats\OLDER\SGEMS\clip_sk\calc_layer_bot.py
calc_layer_bot_partii.py,D:\Users\jwhite\Projects\Broward\_hydrostrat\Geostats\OLDER\SGEMS\clip_sk\calc_layer_bot_partii.py
plot_1array.py_2,D:\Users\jwhite\Projects\Broward\_hydrostrat\Geostats\OLDER\SGEMS\clip_sk\plot_1array.py
plot_layer_bot.py_1,D:\Users\jwhite\Projects\Broward\_hydrostrat\Geostats\OLDER\SGEMS\clip_sk\plot_layer_bot.py
smooth.py_1,D:\Users\jwhite\Projects\Broward\_hydrostrat\Geostats\OLDER\SGEMS\clip_sk\smooth.py
smooth_multi.py_1,D:\Users\jwhite\Projects\Broward\_hydrostrat\Geostats\OLDER\SGEMS\clip_sk\smooth_multi.py
add_layer_bot_2_gridpoly.py,D:\Users\jwhite\Projects\Broward\_hydrostrat\_python\add_layer_bot_2_gridpoly\add_layer_bot_2_gridpoly\add_layer_bot_2_gridpoly.py
run_fieldgen_hydrostrat.py,D:\Users\jwhite\Projects\Broward\_hydrostrat\_python\run_fieldgen_hydrostrat\run_fieldgen_hydrostrat\run_fieldgen_hydrostrat.py
sgems_var_2_structure.py,D:\Users\jwhite\Projects\Broward\_hydrostrat\_python\sgems_var_2_structure\sgems_var_2_structure\sgems_var_2_structure.py
broward_layering_add_refs_2_grid.py,D:\Users\jwhite\Projects\Broward\_layering\_python\broward_layering_add_refs_2_grid\broward_layering_add_refs_2_grid\broward_layering_add_refs_2_grid.py
broward_layering_build_layer_bots.py,D:\Users\jwhite\Projects\Broward\_layering\_python\broward_layering_build_layer_bots\broward_layering_build_layer_bots\broward_layering_build_layer_bots.py
broward_misc_extract_conc_4_mike.py,D:\Users\jwhite\Projects\Broward\_misc_processing\pyprojects\broward_misc_extract_conc_4_mike\broward_misc_extract_conc_4_mike\broward_misc_extract_conc_4_mike.py
bro-02.py,D:\Users\jwhite\Projects\Broward\_model\bro-02.py
bro.py,D:\Users\jwhite\Projects\Broward\_model\bro.py
bro.py_1,D:\Users\jwhite\Projects\Broward\_model\bro.03\python\bro.py
broward_build_coarse_model.py,D:\Users\jwhite\Projects\Broward\_model\bro.03\python\broward_build_coarse_model.py
broward_list2arrays.py,D:\Users\jwhite\Projects\Broward\_model\bro.03\python\broward_list2arrays.py
broward_model_build_ets.py,D:\Users\jwhite\Projects\Broward\_model\bro.03\python\broward_model_build_ets.py
broward_model_build_ghbs.py,D:\Users\jwhite\Projects\Broward\_model\bro.03\python\broward_model_build_ghbs.py
broward_model_build_initial_conc_from_SWI.py,D:\Users\jwhite\Projects\Broward\_model\bro.03\python\broward_model_build_initial_conc_from_SWI.py
broward_model_build_mnw2_and_wel.py,D:\Users\jwhite\Projects\Broward\_model\bro.03\python\broward_model_build_mnw2_and_wel.py
broward_model_build_rch.py,D:\Users\jwhite\Projects\Broward\_model\bro.03\python\broward_model_build_rch.py
broward_model_build_seawat_model.py,D:\Users\jwhite\Projects\Broward\_model\bro.03\python\broward_model_build_seawat_model.py
broward_model_build_ssm.py,D:\Users\jwhite\Projects\Broward\_model\bro.03\python\broward_model_build_ssm.py
broward_model_build_ssm_noriv.py,D:\Users\jwhite\Projects\Broward\_model\bro.03\python\broward_model_build_ssm_noriv.py
broward_model_build_xxx.py,D:\Users\jwhite\Projects\Broward\_model\bro.03\python\broward_model_build_xxx.py
broward_model_check_cbb_reaches.py,D:\Users\jwhite\Projects\Broward\_model\bro.03\python\broward_model_check_cbb_reaches.py
broward_model_check_swr_lst.py,D:\Users\jwhite\Projects\Broward\_model\bro.03\python\broward_model_check_swr_lst.py
broward_model_extract_arrays_gridmaster.py,D:\Users\jwhite\Projects\Broward\_model\bro.03\python\broward_model_extract_arrays_gridmaster.py
broward_model_extract_array_from_grdshp.py,D:\Users\jwhite\Projects\Broward\_model\bro.03\python\broward_model_extract_array_from_grdshp.py
broward_model_extract_initial_conditions.py,D:\Users\jwhite\Projects\Broward\_model\bro.03\python\broward_model_extract_initial_conditions.py
broward_model_gather_python.py,D:\Users\jwhite\Projects\Broward\_model\bro.03\python\broward_model_gather_python.py
broward_model_interp_NS_ghbs.py,D:\Users\jwhite\Projects\Broward\_model\bro.03\python\broward_model_interp_NS_ghbs.py
broward_model_loop_2_steadystate.py,D:\Users\jwhite\Projects\Broward\_model\bro.03\python\broward_model_loop_2_steadystate.py
broward_model_plot_arrays.py,D:\Users\jwhite\Projects\Broward\_model\bro.03\python\broward_model_plot_arrays.py
broward_model_plot_lst_budget.py,D:\Users\jwhite\Projects\Broward\_model\bro.03\python\broward_model_plot_lst_budget.py
broward_model_plot_pumpage.py,D:\Users\jwhite\Projects\Broward\_model\bro.03\python\broward_model_plot_pumpage.py
broward_model_plot_rch_ets_arrays.py,D:\Users\jwhite\Projects\Broward\_model\bro.03\python\broward_model_plot_rch_ets_arrays.py
broward_model_plot_well_conc_df.py,D:\Users\jwhite\Projects\Broward\_model\bro.03\python\broward_model_plot_well_conc_df.py
broward_model_process_1lay_present.py,D:\Users\jwhite\Projects\Broward\_model\bro.03\python\broward_model_process_1lay_present.py
broward_model_process_hds_swi_1Layer.py,D:\Users\jwhite\Projects\Broward\_model\bro.03\python\broward_model_process_hds_swi_1Layer.py
broward_model_process_hds_swi_multilayer.py,D:\Users\jwhite\Projects\Broward\_model\bro.03\python\broward_model_process_hds_swi_multilayer.py
broward_model_process_list.py,D:\Users\jwhite\Projects\Broward\_model\bro.03\python\broward_model_process_list.py
broward_model_process_seawat_mp.py,D:\Users\jwhite\Projects\Broward\_model\bro.03\python\broward_model_process_seawat_mp.py
broward_model_swr_results_to_wel.py,D:\Users\jwhite\Projects\Broward\_model\bro.03\python\broward_model_swr_results_to_wel.py
broward_model_swr_vs_wel_compare.py,D:\Users\jwhite\Projects\Broward\_model\bro.03\python\broward_model_swr_vs_wel_compare.py
broward_model_swr_vs_wel_lst.py,D:\Users\jwhite\Projects\Broward\_model\bro.03\python\broward_model_swr_vs_wel_lst.py
broward_model_well_conc.py,D:\Users\jwhite\Projects\Broward\_model\bro.03\python\broward_model_well_conc.py
broward_mode_plot_rchets_timeseries.py,D:\Users\jwhite\Projects\Broward\_model\bro.03\python\broward_mode_plot_rchets_timeseries.py
broward_process_results_mp.py,D:\Users\jwhite\Projects\Broward\_model\bro.03\python\broward_process_results_mp.py
broward_swi_build_izeta.py,D:\Users\jwhite\Projects\Broward\_model\bro.03\python\broward_swi_build_izeta.py
broward_swr_build_datasets.py,D:\Users\jwhite\Projects\Broward\_model\bro.03\python\broward_swr_build_datasets.py
broward__model_extract_initial_concs.py,D:\Users\jwhite\Projects\Broward\_model\bro.03\python\broward__model_extract_initial_concs.py
MFBinaryClass.py,D:\Users\jwhite\Projects\Broward\_model\bro.03\python\MFBinaryClass.py
pestUtil.py,D:\Users\jwhite\Projects\Broward\_model\bro.03\python\pestUtil.py
shapefile.py,D:\Users\jwhite\Projects\Broward\_model\bro.03\python\shapefile.py
broward__model_extract_initial_concs.py_1,D:\Users\jwhite\Projects\Broward\_model\_pyprojects\broward_,model_extract_initial_concs\broward_,model_extract_initial_concs\broward__model_extract_initial_concs.py
broward_build_coarse_model.py_1,D:\Users\jwhite\Projects\Broward\_model\_pyprojects\broward_build_coarse_model\broward_build_coarse_model\broward_build_coarse_model.py
broward_list2arrays.py_1,D:\Users\jwhite\Projects\Broward\_model\_pyprojects\broward_list2arrays\broward_list2arrays\broward_list2arrays.py
broward_model_build_ets.py_1,D:\Users\jwhite\Projects\Broward\_model\_pyprojects\broward_model_build_ets\broward_model_build_ets\broward_model_build_ets.py
broward_model_build_ghbs.py_1,D:\Users\jwhite\Projects\Broward\_model\_pyprojects\broward_model_build_ghbs\broward_model_build_ghbs\broward_model_build_ghbs.py
broward_model_build_initial_conc_from_SWI.py_1,D:\Users\jwhite\Projects\Broward\_model\_pyprojects\broward_model_build_initial_conc_from_SWI\broward_model_build_initial_conc_from_SWI\broward_model_build_initial_conc_from_SWI.py
broward_model_build_mnw2_and_wel.py_1,D:\Users\jwhite\Projects\Broward\_model\_pyprojects\broward_model_build_mnw2_and_wel\broward_model_build_mnw2_and_wel\broward_model_build_mnw2_and_wel.py
broward_model_build_rch.py_1,D:\Users\jwhite\Projects\Broward\_model\_pyprojects\broward_model_build_rch\broward_model_build_rch\broward_model_build_rch.py
broward_model_build_seawat_model.py_1,D:\Users\jwhite\Projects\Broward\_model\_pyprojects\broward_model_build_seawat_model\broward_model_build_seawat_model\broward_model_build_seawat_model.py
broward_model_build_ssm.py_1,D:\Users\jwhite\Projects\Broward\_model\_pyprojects\broward_model_build_ssm\broward_model_build_ssm\broward_model_build_ssm.py
broward_model_build_ssm_noriv.py_1,D:\Users\jwhite\Projects\Broward\_model\_pyprojects\broward_model_build_ssm_noriv\broward_model_build_ssm_noriv\broward_model_build_ssm_noriv.py
broward_model_build_xxx.py_1,D:\Users\jwhite\Projects\Broward\_model\_pyprojects\broward_model_build_xxx\broward_model_build_xxx\broward_model_build_xxx.py
broward_model_check_cbb_reaches.py_1,D:\Users\jwhite\Projects\Broward\_model\_pyprojects\broward_model_check_cbb_reaches\broward_model_check_cbb_reaches\broward_model_check_cbb_reaches.py
broward_model_check_swr_lst.py_1,D:\Users\jwhite\Projects\Broward\_model\_pyprojects\broward_model_check_swr_lst\broward_model_check_swr_lst\broward_model_check_swr_lst.py
broward_model_extract_arrays_gridmaster.py_1,D:\Users\jwhite\Projects\Broward\_model\_pyprojects\broward_model_extract_arrays_gridmaster\broward_model_extract_arrays_gridmaster\broward_model_extract_arrays_gridmaster.py
broward_model_extract_array_from_grdshp.py_1,D:\Users\jwhite\Projects\Broward\_model\_pyprojects\broward_model_extract_array_from_grdshp\broward_model_extract_array_from_grdshp\broward_model_extract_array_from_grdshp.py
broward_model_extract_initial_conditions.py_1,D:\Users\jwhite\Projects\Broward\_model\_pyprojects\broward_model_extract_initial_conditions\broward_model_extract_initial_conditions\broward_model_extract_initial_conditions.py
broward_model_gather_python.py_1,D:\Users\jwhite\Projects\Broward\_model\_pyprojects\broward_model_gather_python\broward_model_gather_python\broward_model_gather_python.py
broward_model_interp_NS_ghbs.py_1,D:\Users\jwhite\Projects\Broward\_model\_pyprojects\broward_model_interp_NS_ghbs\broward_model_interp_NS_ghbs\broward_model_interp_NS_ghbs.py
broward_model_loop_2_steadystate.py_1,D:\Users\jwhite\Projects\Broward\_model\_pyprojects\broward_model_loop_2_steadystate\broward_model_loop_2_steadystate\broward_model_loop_2_steadystate.py
broward_model_plot_arrays.py_1,D:\Users\jwhite\Projects\Broward\_model\_pyprojects\broward_model_plot_arrays\broward_model_plot_arrays\broward_model_plot_arrays.py
broward_model_plot_lst_budget.py_1,D:\Users\jwhite\Projects\Broward\_model\_pyprojects\broward_model_plot_lst_budget\broward_model_plot_lst_budget\broward_model_plot_lst_budget.py
broward_model_plot_pumpage.py_1,D:\Users\jwhite\Projects\Broward\_model\_pyprojects\broward_model_plot_pumpage\broward_model_plot_pumpage\broward_model_plot_pumpage.py
broward_model_plot_rch_ets_arrays.py_1,D:\Users\jwhite\Projects\Broward\_model\_pyprojects\broward_model_plot_rch_ets_arrays\broward_model_plot_rch_ets_arrays\broward_model_plot_rch_ets_arrays.py
broward_model_plot_well_conc_df.py_1,D:\Users\jwhite\Projects\Broward\_model\_pyprojects\broward_model_plot_well_conc_df\broward_model_plot_well_conc_df\broward_model_plot_well_conc_df.py
broward_model_process_1lay_present.py_1,D:\Users\jwhite\Projects\Broward\_model\_pyprojects\broward_model_process_1lay_present\broward_model_process_1lay_present\broward_model_process_1lay_present.py
broward_model_process_list.py_1,D:\Users\jwhite\Projects\Broward\_model\_pyprojects\broward_model_process_list\broward_model_process_list\broward_model_process_list.py
broward_model_process_seawat_mp.py_1,D:\Users\jwhite\Projects\Broward\_model\_pyprojects\broward_model_process_seawat_mp\broward_model_process_seawat_mp\broward_model_process_seawat_mp.py
broward_model_swr_results_to_wel.py_1,D:\Users\jwhite\Projects\Broward\_model\_pyprojects\broward_model_swr_results_to_wel\broward_model_swr_results_to_wel\broward_model_swr_results_to_wel.py
broward_model_swr_vs_wel_compare.py_1,D:\Users\jwhite\Projects\Broward\_model\_pyprojects\broward_model_swr_vs_wel_compare\broward_model_swr_vs_wel_compare\broward_model_swr_vs_wel_compare.py
broward_model_swr_vs_wel_lst.py_1,D:\Users\jwhite\Projects\Broward\_model\_pyprojects\broward_model_swr_vs_wel_lst\broward_model_swr_vs_wel_lst\broward_model_swr_vs_wel_lst.py
broward_model_well_conc.py_1,D:\Users\jwhite\Projects\Broward\_model\_pyprojects\broward_model_well_conc\broward_model_well_conc\broward_model_well_conc.py
broward_mode_plot_rchets_timeseries.py_1,D:\Users\jwhite\Projects\Broward\_model\_pyprojects\broward_mode_plot_rchets_timeseries\broward_mode_plot_rchets_timeseries\broward_mode_plot_rchets_timeseries.py
broward_process_results_mp.py_1,D:\Users\jwhite\Projects\Broward\_model\_pyprojects\broward_process_results_mp\broward_process_results_mp\broward_process_results_mp.py
broward_swi_build_izeta.py_1,D:\Users\jwhite\Projects\Broward\_model\_pyprojects\broward_swi_build_izeta_isource\broward_swi_build_izeta\broward_swi_build_izeta.py
broward_swr_build_datasets.py_1,D:\Users\jwhite\Projects\Broward\_model\_pyprojects\broward_swr_build_datasets\broward_swr_build_datasets\broward_swr_build_datasets.py
broward_model_process_hds_swi_1Layer.py_1,D:\Users\jwhite\Projects\Broward\_model\_pyprojects\older\broward_model_process_hds_swi_1Layer\broward_model_process_hds_swi_1Layer\broward_model_process_hds_swi_1Layer.py
broward_model_process_hds_swi_multilayer.py_1,D:\Users\jwhite\Projects\Broward\_model\_pyprojects\older\broward_model_process_hds_swi_multilayer\broward_model_process_hds_swi_multilayer\broward_model_process_hds_swi_multilayer.py
calcprob.py,D:\Users\jwhite\Projects\Broward\_ncdc\markov\calcprob.py
distrbution_driver.py,D:\Users\jwhite\Projects\Broward\_ncdc\markov\distrbution_driver.py
lt_pars_pro.py,D:\Users\jwhite\Projects\Broward\_ncdc\markov\lt_pars_pro.py
markov.py,D:\Users\jwhite\Projects\Broward\_ncdc\markov\markov.py
markov_funcdriver.py,D:\Users\jwhite\Projects\Broward\_ncdc\markov\markov_funcdriver.py
markov_funcdriver_dec.py,D:\Users\jwhite\Projects\Broward\_ncdc\markov\markov_funcdriver_dec.py
markov_funcdriver_dec1.py,D:\Users\jwhite\Projects\Broward\_ncdc\markov\markov_funcdriver_dec1.py
markov_funcdriver_dec2.py,D:\Users\jwhite\Projects\Broward\_ncdc\markov\markov_funcdriver_dec2.py
markov_funcdriver_mc.py,D:\Users\jwhite\Projects\Broward\_ncdc\markov\markov_funcdriver_mc.py
markov_simple.py,D:\Users\jwhite\Projects\Broward\_ncdc\markov\markov_simple.py
ncdc2np.py,D:\Users\jwhite\Projects\Broward\_ncdc\markov\ncdc2np.py
ncdc_detrend.py,D:\Users\jwhite\Projects\Broward\_ncdc\markov\ncdc_detrend.py
ncdc_difference.py,D:\Users\jwhite\Projects\Broward\_ncdc\markov\ncdc_difference.py
ncdc_LT_ACF.py,D:\Users\jwhite\Projects\Broward\_ncdc\markov\ncdc_LT_ACF.py
ncdc_monthly_distr.py,D:\Users\jwhite\Projects\Broward\_ncdc\markov\ncdc_monthly_distr.py
ncdc_precip.py,D:\Users\jwhite\Projects\Broward\_ncdc\markov\ncdc_precip.py
ncdc_wetdry.py,D:\Users\jwhite\Projects\Broward\_ncdc\markov\ncdc_wetdry.py
ncdc_wetdry_date.py,D:\Users\jwhite\Projects\Broward\_ncdc\markov\ncdc_wetdry_date.py
plot_15day.py,D:\Users\jwhite\Projects\Broward\_ncdc\markov\plot_15day.py
pro_detrend.py,D:\Users\jwhite\Projects\Broward\_ncdc\markov\pro_detrend.py
broward_noaa_make_slr_dfs.py,D:\Users\jwhite\Projects\Broward\_noaa\_pyprojects\broward_noaa_make_slr_dfs\broward_noaa_make_slr_dfs\broward_noaa_make_slr_dfs.py
broward_noaa_plot_timeseries.py,D:\Users\jwhite\Projects\Broward\_noaa\_pyprojects\broward_noaa_plot_timeseries\broward_noaa_plot_timeseries\broward_noaa_plot_timeseries.py
broward_noaa_process_tide_data.py,D:\Users\jwhite\Projects\Broward\_noaa\_pyprojects\broward_noaa_process_tide_data\broward_noaa_process_tide_data\broward_noaa_process_tide_data.py
make_broward_nwis_site_shp_csv.py,D:\Users\jwhite\Projects\Broward\_nwis\old\make_broward_nwis_site_shp_csv.py
make_broward_nwis_site_shp.py,D:\Users\jwhite\Projects\Broward\_nwis\_pyprojects\make_broward_nwis_site_shp.py
process_nwis.py,D:\Users\jwhite\Projects\Broward\_nwis\_pyprojects\process_nwis.py
broward_nwis_add_reclength_2_shape.py,D:\Users\jwhite\Projects\Broward\_nwis\_pyprojects\broward_nwis_add_reclength_2_shape\broward_nwis_add_reclength_2_shape\broward_nwis_add_reclength_2_shape.py
broward_nwis_build_north_south_ghb_stages.py,D:\Users\jwhite\Projects\Broward\_nwis\_pyprojects\broward_nwis_build_north_south_ghb_stages\broward_nwis_build_north_south_ghb_stages\broward_nwis_build_north_south_ghb_stages.py
broward_nwis_make_rel_conc.py,D:\Users\jwhite\Projects\Broward\_nwis\_pyprojects\broward_nwis_make_rel_conc\broward_nwis_make_rel_conc\broward_nwis_make_rel_conc.py
broward_nwis_merge_relconc.py,D:\Users\jwhite\Projects\Broward\_nwis\_pyprojects\broward_nwis_merge_relconc\broward_nwis_merge_relconc\broward_nwis_merge_relconc.py
broward_nwis_navd_2_pandas.py,D:\Users\jwhite\Projects\Broward\_nwis\_pyprojects\broward_nwis_navd_2_pandas\broward_nwis_navd_2_pandas\broward_nwis_navd_2_pandas.py
broward_nwis_navd_decluster.py,D:\Users\jwhite\Projects\Broward\_nwis\_pyprojects\broward_nwis_navd_decluster\broward_nwis_navd_decluster\broward_nwis_navd_decluster.py
broward_nwis_navd_prepare4pest.py,D:\Users\jwhite\Projects\Broward\_nwis\_pyprojects\broward_nwis_navd_prepare4pest\broward_nwis_navd_prepare4pest\broward_nwis_navd_prepare4pest.py
broward_nwis_navd_sample2model.py,D:\Users\jwhite\Projects\Broward\_nwis\_pyprojects\broward_nwis_navd_sample2modeltime\broward_nwis_navd_sample2model\broward_nwis_navd_sample2model.py
broward_nwis_plot_ts.py,D:\Users\jwhite\Projects\Broward\_nwis\_pyprojects\broward_nwis_plot_ts\broward_nwis_plot_ts\broward_nwis_plot_ts.py
broward_nwis_relconc_2_pandas.py,D:\Users\jwhite\Projects\Broward\_nwis\_pyprojects\broward_nwis_relconc_2_pandas\broward_nwis_relconc_2_pandas\broward_nwis_relconc_2_pandas.py
broward_nwis_relconc_decluster.py,D:\Users\jwhite\Projects\Broward\_nwis\_pyprojects\broward_nwis_relconc_decluster\broward_nwis_relconc_decluster\broward_nwis_relconc_decluster.py
broward_nwis_relconc_prepare4pest.py,D:\Users\jwhite\Projects\Broward\_nwis\_pyprojects\broward_nwis_relconc_prepare4pest\broward_nwis_relconc_prepare4pest\broward_nwis_relconc_prepare4pest.py
broward_nwis_smp_ngvd2navd.py,D:\Users\jwhite\Projects\Broward\_nwis\_pyprojects\broward_nwis_smp_ngvd2navd\broward_nwis_smp_ngvd2navd\broward_nwis_smp_ngvd2navd.py
broward_nwis_spec_2_chl.py,D:\Users\jwhite\Projects\Broward\_nwis\_pyprojects\broward_nwis_spec_2_chl\broward_nwis_spec_2_chl\broward_nwis_spec_2_chl.py
nwis_extract2smp.py,D:\Users\jwhite\Projects\Broward\_nwis\_pyprojects\nwis_extract2smp\nwis_extract2smp\nwis_extract2smp.py
nwis_make_site_shape.py,D:\Users\jwhite\Projects\Broward\_nwis\_pyprojects\nwis_make_site_shape\nwis_make_site_shape\nwis_make_site_shape.py
broward_nwis_2_pandas.py,D:\Users\jwhite\Projects\Broward\_nwis\_pyprojects\old\broward_nwis_2_pandas\broward_nwis_2_pandas\broward_nwis_2_pandas.py
pestUtil.py_1,D:\Users\jwhite\Projects\Broward\_nwis\_pyprojects\old\broward_nwis_2_pandas\broward_nwis_2_pandas\pestUtil.py
broward_nwis_process_pandas.py,D:\Users\jwhite\Projects\Broward\_nwis\_pyprojects\old\broward_nwis_process_pandas\broward_nwis_process_pandas\broward_nwis_process_pandas.py
bro.py_2,D:\Users\jwhite\Projects\Broward\_pest\bro.py
bro_pred.py,D:\Users\jwhite\Projects\Broward\_pest\bro_pred.py
broward_cali_utilities.py,D:\Users\jwhite\Projects\Broward\_pest\bro.02\calibration\python\broward_cali_utilities.py
Broward_forward_run.py.py,D:\Users\jwhite\Projects\Broward\_pest\_pyprojects\Broward_forward_run.py\Broward_forward_run.py\Broward_forward_run.py.py
broward_pest_build_pp_locs.py,D:\Users\jwhite\Projects\Broward\_pest\_pyprojects\broward_pest_build_pp_locs\broward_pest_build_pp_locs\broward_pest_build_pp_locs.py
broward_pest_build_pred_rch_ets_tpl.py,D:\Users\jwhite\Projects\Broward\_pest\_pyprojects\broward_pest_build_pred_rch_ets_tpl\broward_pest_build_pred_rch_ets_tpl\broward_pest_build_pred_rch_ets_tpl.py
broward_pest_ets_mult.py,D:\Users\jwhite\Projects\Broward\_pest\_pyprojects\broward_pest_ets_mult\broward_pest_ets_mult\broward_pest_ets_mult.py
broward_pest_fac2real.py,D:\Users\jwhite\Projects\Broward\_pest\_pyprojects\broward_pest_fac2real\broward_pest_fac2real\broward_pest_fac2real.py
broward_pest_ghbwel_flow_factors.py,D:\Users\jwhite\Projects\Broward\_pest\_pyprojects\broward_pest_ghbwel_flow_factors\broward_pest_ghbwel_flow_factors\broward_pest_ghbwel_flow_factors.py
broward_pest_ssm_factors.py,D:\Users\jwhite\Projects\Broward\_pest\_pyprojects\broward_pest_ghbwel_ssm_factors\broward_pest_ssm_factors\broward_pest_ssm_factors.py
broward_pest_list2array.py,D:\Users\jwhite\Projects\Broward\_pest\_pyprojects\broward_pest_list2array\broward_pest_list2array\broward_pest_list2array.py
broward_pest_list_2_bin.py,D:\Users\jwhite\Projects\Broward\_pest\_pyprojects\broward_pest_list_2_bin\broward_pest_list_2_bin\broward_pest_list_2_bin.py
broward_pest_plot_obs_vs_sim.py,D:\Users\jwhite\Projects\Broward\_pest\_pyprojects\broward_pest_plot_obs_vs_sim\broward_pest_plot_obs_vs_sim\broward_pest_plot_obs_vs_sim.py
broward_pest_prep4mod2obs.py,D:\Users\jwhite\Projects\Broward\_pest\_pyprojects\broward_pest_prep4mod2obs\broward_pest_prep4mod2obs\broward_pest_prep4mod2obs.py
broward_pest_setup_pp_interp_factors.py,D:\Users\jwhite\Projects\Broward\_pest\_pyprojects\broward_pest_setup_pp_interp_factors\broward_pest_setup_pp_interp_factors\broward_pest_setup_pp_interp_factors.py
broward_pest_twoarray.py,D:\Users\jwhite\Projects\Broward\_pest\_pyprojects\broward_pest_twoarray\broward_pest_twoarray\broward_pest_twoarray.py
broward_pest_well_conc.py,D:\Users\jwhite\Projects\Broward\_pest\_pyprojects\broward_pest_well_conc\broward_pest_well_conc\broward_pest_well_conc.py
broward_pest_write_grid_spec_files.py,D:\Users\jwhite\Projects\Broward\_pest\_pyprojects\broward_pest_write_grid_spec_files\broward_pest_write_grid_spec_files\broward_pest_write_grid_spec_files.py
broward_pest_apply_ghbwel_factors.py,D:\Users\jwhite\Projects\Broward\_pest\_pyprojects\older\broward_pest_apply_ghbwel_factors\broward_pest_apply_ghbwel_factors\broward_pest_apply_ghbwel_factors.py
broward_pest_apply_ssm_factors.py,D:\Users\jwhite\Projects\Broward\_pest\_pyprojects\older\broward_pest_apply_ssm_factors\broward_pest_apply_ssm_factors\broward_pest_apply_ssm_factors.py
broward_pest_build_ssm_df_tpl.py,D:\Users\jwhite\Projects\Broward\_pest\_pyprojects\older\broward_pest_build_ssm_df_tpl\broward_pest_build_ssm_df_tpl\broward_pest_build_ssm_df_tpl.py
broward_pest_load_ghb_2_df.py,D:\Users\jwhite\Projects\Broward\_pest\_pyprojects\older\broward_pest_load_ghb_2_df\broward_pest_load_ghb_2_df\broward_pest_load_ghb_2_df.py
broward_pest_param_ghb.py,D:\Users\jwhite\Projects\Broward\_pest\_pyprojects\older\broward_pest_param_ghb\broward_pest_param_ghb\broward_pest_param_ghb.py
bro_pred.py_1,D:\Users\jwhite\Projects\Broward\_prediction\bro_pred.py
broward_pred_build_ets.py,D:\Users\jwhite\Projects\Broward\_prediction\bro.03.pred\python\broward_pred_build_ets.py
broward_pred_build_flow_model.py,D:\Users\jwhite\Projects\Broward\_prediction\bro.03.pred\python\broward_pred_build_flow_model.py
broward_pred_build_ghbs.py,D:\Users\jwhite\Projects\Broward\_prediction\bro.03.pred\python\broward_pred_build_ghbs.py
broward_pred_build_rch.py,D:\Users\jwhite\Projects\Broward\_prediction\bro.03.pred\python\broward_pred_build_rch.py
broward_pred_build_seawat.py,D:\Users\jwhite\Projects\Broward\_prediction\bro.03.pred\python\broward_pred_build_seawat.py
broward_pred_build_ssm.py,D:\Users\jwhite\Projects\Broward\_prediction\bro.03.pred\python\broward_pred_build_ssm.py
broward_pred_build_swr.py,D:\Users\jwhite\Projects\Broward\_prediction\bro.03.pred\python\broward_pred_build_swr.py
broward_pred_build_wel.py,D:\Users\jwhite\Projects\Broward\_prediction\bro.03.pred\python\broward_pred_build_wel.py
broward_pred_gather_python.py,D:\Users\jwhite\Projects\Broward\_prediction\bro.03.pred\python\broward_pred_gather_python.py
broward_pred_get_flow_init.py,D:\Users\jwhite\Projects\Broward\_prediction\bro.03.pred\python\broward_pred_get_flow_init.py
broward_pred_get_seawat_init.py,D:\Users\jwhite\Projects\Broward\_prediction\bro.03.pred\python\broward_pred_get_seawat_init.py
broward_pred_plot_arrays.py,D:\Users\jwhite\Projects\Broward\_prediction\bro.03.pred\python\broward_pred_plot_arrays.py
broward_pred_process_flow_model.py,D:\Users\jwhite\Projects\Broward\_prediction\bro.03.pred\python\broward_pred_process_flow_model.py
broward_pred_process_seawat_mp.py,D:\Users\jwhite\Projects\Broward\_prediction\bro.03.pred\python\broward_pred_process_seawat_mp.py
bro_pred.py_2,D:\Users\jwhite\Projects\Broward\_prediction\bro.03.pred\python\bro_pred.py
MFBinaryClass.py_1,D:\Users\jwhite\Projects\Broward\_prediction\bro.03.pred\python\MFBinaryClass.py
pestUtil.py_2,D:\Users\jwhite\Projects\Broward\_prediction\bro.03.pred\python\pestUtil.py
shapefile.py_1,D:\Users\jwhite\Projects\Broward\_prediction\bro.03.pred\python\shapefile.py
broward_pred_build_ets.py_1,D:\Users\jwhite\Projects\Broward\_prediction\_pyprojects\broward_pred_build_ets\broward_pred_build_ets\broward_pred_build_ets.py
broward_pred_build_flow_model.py_1,D:\Users\jwhite\Projects\Broward\_prediction\_pyprojects\broward_pred_build_flow_model\broward_pred_build_flow_model\broward_pred_build_flow_model.py
broward_pred_build_ghbs.py_1,D:\Users\jwhite\Projects\Broward\_prediction\_pyprojects\broward_pred_build_ghbs\broward_pred_build_ghbs\broward_pred_build_ghbs.py
broward_pred_build_rch.py_1,D:\Users\jwhite\Projects\Broward\_prediction\_pyprojects\broward_pred_build_rch\broward_pred_build_rch\broward_pred_build_rch.py
broward_pred_build_seawat.py_1,D:\Users\jwhite\Projects\Broward\_prediction\_pyprojects\broward_pred_build_seawat\broward_pred_build_seawat\broward_pred_build_seawat.py
broward_pred_build_ssm.py_1,D:\Users\jwhite\Projects\Broward\_prediction\_pyprojects\broward_pred_build_ssm\broward_pred_build_ssm\broward_pred_build_ssm.py
broward_pred_build_swr.py_1,D:\Users\jwhite\Projects\Broward\_prediction\_pyprojects\broward_pred_build_swr\broward_pred_build_swr\broward_pred_build_swr.py
broward_pred_build_wel.py_1,D:\Users\jwhite\Projects\Broward\_prediction\_pyprojects\broward_pred_build_wel\broward_pred_build_wel\broward_pred_build_wel.py
broward_pred_gather_python.py_1,D:\Users\jwhite\Projects\Broward\_prediction\_pyprojects\broward_pred_gather_python\broward_pred_gather_python\broward_pred_gather_python.py
broward_pred_get_flow_init.py_1,D:\Users\jwhite\Projects\Broward\_prediction\_pyprojects\broward_pred_get_flow_init\broward_pred_get_flow_init\broward_pred_get_flow_init.py
broward_pred_get_seawat_init.py_1,D:\Users\jwhite\Projects\Broward\_prediction\_pyprojects\broward_pred_get_seawat_init\broward_pred_get_seawat_init\broward_pred_get_seawat_init.py
broward_pred_plot_arrays.py_1,D:\Users\jwhite\Projects\Broward\_prediction\_pyprojects\broward_pred_plot_arrays\broward_pred_plot_arrays\broward_pred_plot_arrays.py
broward_pred_process_flow_model.py_1,D:\Users\jwhite\Projects\Broward\_prediction\_pyprojects\broward_pred_process_flow_model\broward_pred_process_flow_model\broward_pred_process_flow_model.py
broward_pred_process_seawat_mp.py_1,D:\Users\jwhite\Projects\Broward\_prediction\_pyprojects\broward_pred_process_seawat_mp\broward_pred_process_seawat_mp\broward_pred_process_seawat_mp.py
broward_combine_k_shapes.py,D:\Users\jwhite\Projects\Broward\_properties\_pyprojects\broward_combine_k_shapes\broward_combine_k_shapes\broward_combine_k_shapes.py
broward_K_assign_2_layers.py,D:\Users\jwhite\Projects\Broward\_properties\_pyprojects\broward_K_assign_2_layers\broward_K_assign_2_layers\broward_K_assign_2_layers.py
broward_K_interpolate_2_grid.py,D:\Users\jwhite\Projects\Broward\_properties\_pyprojects\broward_K_interpolate_2_grid\broward_K_interpolate_2_grid\broward_K_interpolate_2_grid.py
broward_K_specCap_2_shape.py,D:\Users\jwhite\Projects\Broward\_properties\_pyprojects\broward_K_specCap_2_shape\broward_K_specCap_2_shape\broward_K_specCap_2_shape.py
broward_properties_kpoints_2_gslib.py,D:\Users\jwhite\Projects\Broward\_properties\_pyprojects\broward_properties_kpoints_2_gslib\broward_properties_kpoints_2_gslib\broward_properties_kpoints_2_gslib.py
broward_properties_make_homo_k.py,D:\Users\jwhite\Projects\Broward\_properties\_pyprojects\broward_properties_make_homo_k\broward_properties_make_homo_k\broward_properties_make_homo_k.py
combine_shapes.py,D:\Users\jwhite\Projects\Broward\_pumpage\_python\combine_shapes.py
get_nonpws_webinfo.py,D:\Users\jwhite\Projects\Broward\_pumpage\_python\get_nonpws_webinfo.py
make_avgann_wellfile_pws.py.py,D:\Users\jwhite\Projects\Broward\_pumpage\_python\make_avgann_wellfile_pws.py.py
make_wellfile_pws.py,D:\Users\jwhite\Projects\Broward\_pumpage\_python\make_wellfile_pws.py
make_wellfile_pws_simplified.py,D:\Users\jwhite\Projects\Broward\_pumpage\_python\make_wellfile_pws_simplified.py
process_pws.py,D:\Users\jwhite\Projects\Broward\_pumpage\_python\process_pws.py
broward_process_pws.py,D:\Users\jwhite\Projects\Broward\_pumpage\_python\broward_process_pws\broward_process_pws\broward_process_pws.py
broward_pumpage_check_for_missing.py,D:\Users\jwhite\Projects\Broward\_pumpage\_python\broward_pumpage_check_for_missing\broward_pumpage_check_for_missing\broward_pumpage_check_for_missing.py
broward_pumpage_daily2stressperiod.py,D:\Users\jwhite\Projects\Broward\_pumpage\_python\broward_pumpage_daily2stressperiod\broward_pumpage_daily2stressperiod\broward_pumpage_daily2stressperiod.py
broward_pumpage_extract_bro_act.py,D:\Users\jwhite\Projects\Broward\_pumpage\_python\broward_pumpage_extract_bro_act\broward_pumpage_extract_bro_act\broward_pumpage_extract_bro_act.py
broward_pumpage_make_census_fill_series.py,D:\Users\jwhite\Projects\Broward\_pumpage\_python\broward_pumpage_make_census_fill_series\broward_pumpage_make_census_fill_series\broward_pumpage_make_census_fill_series.py
broward_pumpage_merge_components.py,D:\Users\jwhite\Projects\Broward\_pumpage\_python\broward_pumpage_merge_components\broward_pumpage_merge_components\broward_pumpage_merge_components.py
broward_pumpage_plot_smp.py,D:\Users\jwhite\Projects\Broward\_pumpage\_python\broward_pumpage_plot_smp\broward_pumpage_plot_smp\broward_pumpage_plot_smp.py
get_nonpws_webinfo.py_1,D:\Users\jwhite\Projects\Broward\_pumpage\_python\get_nonpws_webinfo\get_nonpws_webinfo\get_nonpws_webinfo.py
nonpws_reducebypermit.py,D:\Users\jwhite\Projects\Broward\_pumpage\_python\nonpws_reducebypermit\nonpws_reducebypermit\nonpws_reducebypermit.py
process_nonpws.py,D:\Users\jwhite\Projects\Broward\_pumpage\_python\process_nonpws\process_nonpws\process_nonpws.py
process_populatio_wateruse.py,D:\Users\jwhite\Projects\Broward\_pumpage\_python\process_populatio_wateruse\process_populatio_wateruse\process_populatio_wateruse.py
broward_swi_build_izeta.py_2,D:\Users\jwhite\Projects\Broward\_swi\_pyprojects\broward_swi_build_izeta\broward_swi_build_izeta\broward_swi_build_izeta.py
convert_ds13a_2_navd_feet.py,D:\Users\jwhite\Projects\Broward\_swr\older\swr_full\convert_ds13a_2_navd_feet.py
convert_ds13a_2_weirs.py,D:\Users\jwhite\Projects\Broward\_swr\older\swr_full\convert_ds13a_2_weirs.py
fix_strval.py,D:\Users\jwhite\Projects\Broward\_swr\older\swr_full\fix_strval.py
fix_weir_invert.py,D:\Users\jwhite\Projects\Broward\_swr\older\swr_full\fix_weir_invert.py
mod_ds13a.py,D:\Users\jwhite\Projects\Broward\_swr\older\swr_full\mod_ds13a.py
write_ds13a_shape.py,D:\Users\jwhite\Projects\Broward\_swr\older\swr_full\write_ds13a_shape.py
write_new_ds12.py,D:\Users\jwhite\Projects\Broward\_swr\older\swr_full\write_new_ds12.py
broward_swr_build_pred_stage_series.py,D:\Users\jwhite\Projects\Broward\_swr\_pyprojects\broward_swr_build_pred_stage_series\broward_swr_build_pred_stage_series\broward_swr_build_pred_stage_series.py
broward_swr_build_stage_series.py,D:\Users\jwhite\Projects\Broward\_swr\_pyprojects\broward_swr_build_stage_series\broward_swr_build_stage_series\broward_swr_build_stage_series.py
broward_swr_check_geometry.py,D:\Users\jwhite\Projects\Broward\_swr\_pyprojects\broward_swr_check_geometry\broward_swr_check_geometry\broward_swr_check_geometry.py
broward_swr_make_ds13a_shapefile.py,D:\Users\jwhite\Projects\Broward\_swr\_pyprojects\broward_swr_make_ds13a_shapefile\broward_swr_make_ds13a_shapefile\broward_swr_make_ds13a_shapefile.py
broward_swr_write_reach_conc.py,D:\Users\jwhite\Projects\Broward\_swr\_pyprojects\broward_swr_write_reach_conc\broward_swr_write_reach_conc\broward_swr_write_reach_conc.py
build_check_connectivity.py,D:\Users\jwhite\Projects\Broward\_swr\_pyprojects\build_check_connectivity\build_check_connectivity\build_check_connectivity.py
check_structures.py,D:\Users\jwhite\Projects\Broward\_swr\_pyprojects\check_structures\check_structures\check_structures.py
build_swrdataset_11.py,D:\Users\jwhite\Projects\Broward\_SW_model\build_swrdataset_11.py
sample_500_2_250_refs.py,D:\Users\jwhite\Projects\Broward\_SW_model\250_grid_setup\sample_500_2_250_refs.py
arrayUtil.py,D:\Users\jwhite\Projects\Broward\_SW_model\500_grid_setup\arrayUtil.py
blnUtil.py,D:\Users\jwhite\Projects\Broward\_SW_model\500_grid_setup\blnUtil.py
lstUtil.py,D:\Users\jwhite\Projects\Broward\_SW_model\500_grid_setup\lstUtil.py
make_head_conc_raster.py,D:\Users\jwhite\Projects\Broward\_SW_model\500_grid_setup\make_head_conc_raster.py
make_head_shapes.py,D:\Users\jwhite\Projects\Broward\_SW_model\500_grid_setup\make_head_shapes.py
make_inital_heads.py,D:\Users\jwhite\Projects\Broward\_SW_model\500_grid_setup\make_inital_heads.py
make_layer1_thk.py,D:\Users\jwhite\Projects\Broward\_SW_model\500_grid_setup\make_layer1_thk.py
make_stage_head_shapes.py,D:\Users\jwhite\Projects\Broward\_SW_model\500_grid_setup\make_stage_head_shapes.py
make_stage_head_shapes_monthly.py,D:\Users\jwhite\Projects\Broward\_SW_model\500_grid_setup\make_stage_head_shapes_monthly.py
MFBinaryClass.py_2,D:\Users\jwhite\Projects\Broward\_SW_model\500_grid_setup\MFBinaryClass.py
plot_array_cmdline.py,D:\Users\jwhite\Projects\Broward\_SW_model\500_grid_setup\plot_array_cmdline.py
plot_heads_1lay.py,D:\Users\jwhite\Projects\Broward\_SW_model\500_grid_setup\plot_heads_1lay.py
plot_head_conc_.py,D:\Users\jwhite\Projects\Broward\_SW_model\500_grid_setup\plot_head_conc_.py
plot_stage_head.py,D:\Users\jwhite\Projects\Broward\_SW_model\500_grid_setup\plot_stage_head.py
plot_xsection_conc_6Layer.py,D:\Users\jwhite\Projects\Broward\_SW_model\500_grid_setup\plot_xsection_conc_6Layer.py
plot_xsection_strat_6Layer.py,D:\Users\jwhite\Projects\Broward\_SW_model\500_grid_setup\plot_xsection_strat_6Layer.py
run_multiple.py,D:\Users\jwhite\Projects\Broward\_SW_model\500_grid_setup\run_multiple.py
shapefile.py_2,D:\Users\jwhite\Projects\Broward\_SW_model\500_grid_setup\shapefile.py
ssfUtil.py,D:\Users\jwhite\Projects\Broward\_SW_model\500_grid_setup\ssfUtil.py
swr_stage_2_riv_wel.py,D:\Users\jwhite\Projects\Broward\_SW_model\500_grid_setup\swr_stage_2_riv_wel.py
mod_stage.py,D:\Users\jwhite\Projects\Broward\_SW_model\500_grid_setup\swr\mod_stage.py
layer_work.py,D:\Users\jwhite\Projects\Broward\_SW_model\ascii_layerwork\layer_work.py
plot_top.py,D:\Users\jwhite\Projects\Broward\_SW_model\ascii_layerwork\plot_top.py
plot_top_smooth_compare.py,D:\Users\jwhite\Projects\Broward\_SW_model\ascii_layerwork\plot_top_smooth_compare.py
smooth_multi.py_2,D:\Users\jwhite\Projects\Broward\_SW_model\ascii_layerwork\smooth_multi.py
test.py,D:\Users\jwhite\Projects\Broward\_SW_model\ascii_layerwork\test.py
branches_2_shape.py,D:\Users\jwhite\Projects\Broward\_SW_model\MIKE_SHE_Baseline\branches_2_shape.py
branches_2_shape_bak.py,D:\Users\jwhite\Projects\Broward\_SW_model\MIKE_SHE_Baseline\branches_2_shape_bak.py
controlpts_2_shape.py,D:\Users\jwhite\Projects\Broward\_SW_model\MIKE_SHE_Baseline\controlpts_2_shape.py
mod_estimated_xsec.py,D:\Users\jwhite\Projects\Broward\_SW_model\MIKE_SHE_Baseline\mod_estimated_xsec.py
structures_2_shape.py,D:\Users\jwhite\Projects\Broward\_SW_model\MIKE_SHE_Baseline\structures_2_shape.py
structures_2_shape_bak.py,D:\Users\jwhite\Projects\Broward\_SW_model\MIKE_SHE_Baseline\structures_2_shape_bak.py
structure_tester.py,D:\Users\jwhite\Projects\Broward\_SW_model\MIKE_SHE_Baseline\structure_tester.py
branches_2_shape_bak.py_1,D:\Users\jwhite\Projects\Broward\_SW_model\MIKE_SHE_Baseline\older_python\branches_2_shape_bak.py
chainage_pts_2_shape.py,D:\Users\jwhite\Projects\Broward\_SW_model\MIKE_SHE_Baseline\older_python\chainage_pts_2_shape.py
compare_xsec.py,D:\Users\jwhite\Projects\Broward\_SW_model\MIKE_SHE_Baseline\older_python\compare_xsec.py
make_xsec.py,D:\Users\jwhite\Projects\Broward\_SW_model\MIKE_SHE_Baseline\older_python\make_xsec.py
points_2_shape.py,D:\Users\jwhite\Projects\Broward\_SW_model\MIKE_SHE_Baseline\older_python\points_2_shape.py
xsec_2_pts.py,D:\Users\jwhite\Projects\Broward\_SW_model\MIKE_SHE_Baseline\older_python\xsec_2_pts.py
bro_info.py,D:\Users\jwhite\Projects\Broward\_SW_model\model_6layer_500\bro_info.py
clip_init_conc_by_icbnd.py,D:\Users\jwhite\Projects\Broward\_SW_model\model_6layer_500\clip_init_conc_by_icbnd.py
get_head_conc.py,D:\Users\jwhite\Projects\Broward\_SW_model\model_6layer_500\get_head_conc.py
get_stage_head.py,D:\Users\jwhite\Projects\Broward\_SW_model\model_6layer_500\get_stage_head.py
make_head_conc_raster.py_1,D:\Users\jwhite\Projects\Broward\_SW_model\model_6layer_500\make_head_conc_raster.py
make_head_raster.py,D:\Users\jwhite\Projects\Broward\_SW_model\model_6layer_500\make_head_raster.py
make_head_shapes.py_1,D:\Users\jwhite\Projects\Broward\_SW_model\model_6layer_500\make_head_shapes.py
make_inital_heads.py_1,D:\Users\jwhite\Projects\Broward\_SW_model\model_6layer_500\make_inital_heads.py
make_layer1_thk.py_1,D:\Users\jwhite\Projects\Broward\_SW_model\model_6layer_500\make_layer1_thk.py
make_stage_head_shapes.py_1,D:\Users\jwhite\Projects\Broward\_SW_model\model_6layer_500\make_stage_head_shapes.py
make_stage_head_shapes_monthly.py_1,D:\Users\jwhite\Projects\Broward\_SW_model\model_6layer_500\make_stage_head_shapes_monthly.py
make_structure_shape.py,D:\Users\jwhite\Projects\Broward\_SW_model\model_6layer_500\make_structure_shape.py
plot_array_cmdline.py_1,D:\Users\jwhite\Projects\Broward\_SW_model\model_6layer_500\plot_array_cmdline.py
plot_heads_1lay.py_1,D:\Users\jwhite\Projects\Broward\_SW_model\model_6layer_500\plot_heads_1lay.py
plot_head_conc_.py_1,D:\Users\jwhite\Projects\Broward\_SW_model\model_6layer_500\plot_head_conc_.py
plot_stage_head.py_1,D:\Users\jwhite\Projects\Broward\_SW_model\model_6layer_500\plot_stage_head.py
plot_struct_flow_ts.py,D:\Users\jwhite\Projects\Broward\_SW_model\model_6layer_500\plot_struct_flow_ts.py
plot_swr_converge.py,D:\Users\jwhite\Projects\Broward\_SW_model\model_6layer_500\plot_swr_converge.py
run.py,D:\Users\jwhite\Projects\Broward\_SW_model\model_6layer_500\run.py
swr_stage_2_riv_wel.py_1,D:\Users\jwhite\Projects\Broward\_SW_model\model_6layer_500\swr_stage_2_riv_wel.py
update_polyline_shape.py,D:\Users\jwhite\Projects\Broward\_SW_model\model_6layer_500\update_polyline_shape.py
update_stage_head.py,D:\Users\jwhite\Projects\Broward\_SW_model\model_6layer_500\update_stage_head.py
mod_stage.py_1,D:\Users\jwhite\Projects\Broward\_SW_model\model_6layer_500\swr\mod_stage.py
convert_ds13a_2_navd_feet.py_1,D:\Users\jwhite\Projects\Broward\_SW_model\model_6layer_500\swr_full\convert_ds13a_2_navd_feet.py
convert_ds13a_2_weirs.py_1,D:\Users\jwhite\Projects\Broward\_SW_model\model_6layer_500\swr_full\convert_ds13a_2_weirs.py
fix_strval.py_1,D:\Users\jwhite\Projects\Broward\_SW_model\model_6layer_500\swr_full\fix_strval.py
fix_weir_invert.py_1,D:\Users\jwhite\Projects\Broward\_SW_model\model_6layer_500\swr_full\fix_weir_invert.py
mod_ds13a.py_1,D:\Users\jwhite\Projects\Broward\_SW_model\model_6layer_500\swr_full\mod_ds13a.py
write_ds13a_shape.py_1,D:\Users\jwhite\Projects\Broward\_SW_model\model_6layer_500\swr_full\write_ds13a_shape.py
write_new_ds12.py_1,D:\Users\jwhite\Projects\Broward\_SW_model\model_6layer_500\swr_full\write_new_ds12.py
create_1layer_openclose_365.py,D:\Users\jwhite\Projects\Broward\_SW_model\model_setup\create_1layer_openclose_365.py
create_9layer_openclose.py,D:\Users\jwhite\Projects\Broward\_SW_model\model_setup\create_9layer_openclose.py
plot_array_cmdline.py_2,D:\Users\jwhite\Projects\Broward\_SW_model\model_setup\plot_array_cmdline.py
plot_one_ref.py,D:\Users\jwhite\Projects\Broward\_SW_model\model_setup\plot_one_ref.py
add_geo_info_2_polylines.py,D:\Users\jwhite\Projects\Broward\_SW_model\shapes\add_geo_info_2_polylines.py
add_ibound_2_gridpoly.py,D:\Users\jwhite\Projects\Broward\_SW_model\shapes\add_ibound_2_gridpoly.py
add_layer_elev_2_gridpoly.py,D:\Users\jwhite\Projects\Broward\_SW_model\shapes\add_layer_elev_2_gridpoly.py
add_theissen_array_2_gird.py,D:\Users\jwhite\Projects\Broward\_SW_model\shapes\add_theissen_array_2_gird.py
break_lines_at_points.py,D:\Users\jwhite\Projects\Broward\_SW_model\shapes\break_lines_at_points.py
buildConn.py,D:\Users\jwhite\Projects\Broward\_SW_model\shapes\buildConn.py
build_swr_ds10_ds11a.py,D:\Users\jwhite\Projects\Broward\_SW_model\shapes\build_swr_ds10_ds11a.py
build_swr_ds12.py,D:\Users\jwhite\Projects\Broward\_SW_model\shapes\build_swr_ds12.py
build_swr_ds4.py,D:\Users\jwhite\Projects\Broward\_SW_model\shapes\build_swr_ds4.py
build_swr_ds6.py,D:\Users\jwhite\Projects\Broward\_SW_model\shapes\build_swr_ds6.py
build_swr_ds6_swribnd.py,D:\Users\jwhite\Projects\Broward\_SW_model\shapes\build_swr_ds6_swribnd.py
calc_cell_elev_from_pts.py,D:\Users\jwhite\Projects\Broward\_SW_model\shapes\calc_cell_elev_from_pts.py
coastal_riv_reaches_4_ssm.py,D:\Users\jwhite\Projects\Broward\_SW_model\shapes\coastal_riv_reaches_4_ssm.py
convert_ctlstr_m_2_ft.py,D:\Users\jwhite\Projects\Broward\_SW_model\shapes\convert_ctlstr_m_2_ft.py
find_well_layer_from_screen_depth.py,D:\Users\jwhite\Projects\Broward\_SW_model\shapes\find_well_layer_from_screen_depth.py
get_structure_reaches.py,D:\Users\jwhite\Projects\Broward\_SW_model\shapes\get_structure_reaches.py
make_chd_ghb_from_gridpoly.py,D:\Users\jwhite\Projects\Broward\_SW_model\shapes\make_chd_ghb_from_gridpoly.py
make_ds13a_shapefile.py,D:\Users\jwhite\Projects\Broward\_SW_model\shapes\make_ds13a_shapefile.py
make_grid.py,D:\Users\jwhite\Projects\Broward\_SW_model\shapes\make_grid.py
make_grid_centroid_points.py,D:\Users\jwhite\Projects\Broward\_SW_model\shapes\make_grid_centroid_points.py
make_ibound_from_gridpoly.py,D:\Users\jwhite\Projects\Broward\_SW_model\shapes\make_ibound_from_gridpoly.py
make_stage_bound_swr.py,D:\Users\jwhite\Projects\Broward\_SW_model\shapes\make_stage_bound_swr.py
plot_array_cmdline.py_3,D:\Users\jwhite\Projects\Broward\_SW_model\shapes\plot_array_cmdline.py
rebuild_swr_ds10_ds11a.py,D:\Users\jwhite\Projects\Broward\_SW_model\shapes\rebuild_swr_ds10_ds11a.py
structure_work.py,D:\Users\jwhite\Projects\Broward\_SW_model\shapes\structure_work.py
S-22_data.py,D:\Users\jwhite\Projects\MiamiDade\presentations\2011\Python\S-22_data.py
trend.py_1,D:\Users\jwhite\Projects\MiamiDade\presentations\2011\Python\trend.py
AverageUMDHeads.py,D:\Users\jwhite\Projects\MiamiDade\presentations\AGU_2012\python\AverageUMDHeads.py
BiscayneThicknessAndHK.py,D:\Users\jwhite\Projects\MiamiDade\presentations\AGU_2012\python\BiscayneThicknessAndHK.py
SeaLevelChange.py,D:\Users\jwhite\Projects\MiamiDade\presentations\AGU_2012\python\SeaLevelChange.py
AverageUMDHeads.py_1,D:\Users\jwhite\Projects\MiamiDade\presentations\GSA_2012\python\AverageUMDHeads.py
BaseflowScenarios.py,D:\Users\jwhite\Projects\MiamiDade\presentations\GSA_2012\python\BaseflowScenarios.py
BiscayneThicknessAndHK.py_1,D:\Users\jwhite\Projects\MiamiDade\presentations\GSA_2012\python\BiscayneThicknessAndHK.py
SeaLevelChange.py_1,D:\Users\jwhite\Projects\MiamiDade\presentations\GSA_2012\python\SeaLevelChange.py
MD_CWM_plot_predunc_results.py,D:\Users\jwhite\Projects\MiamiDade\_CWM\linear_analysis\_pyprojects\MD_CWM_plot_predunc_results\MD_CWM_plot_predunc_results\MD_CWM_plot_predunc_results.py
MD_CWM_fac2real_list.py,D:\Users\jwhite\Projects\MiamiDade\_CWM\pest_setup\MD_CWM_fac2real_list.py
MD_CWM_forward_run.py,D:\Users\jwhite\Projects\MiamiDade\_CWM\pest_setup\MD_CWM_forward_run.py
MD_CWM_forward_run_03.py,D:\Users\jwhite\Projects\MiamiDade\_CWM\pest_setup\MD_CWM_forward_run_03.py
MD_CWM_list_2_arrays.py,D:\Users\jwhite\Projects\MiamiDade\_CWM\pest_setup\MD_CWM_list_2_arrays.py
ProcessAnnualMET.py,D:\Users\jwhite\Projects\MiamiDade\_CWM\pest_setup\UMD.03\python\ProcessAnnualMET.py
ProcessUMDCrosssections.py,D:\Users\jwhite\Projects\MiamiDade\_CWM\pest_setup\UMD.03\python\ProcessUMDCrosssections.py
ProcessUMDFinalHeadZeta.py,D:\Users\jwhite\Projects\MiamiDade\_CWM\pest_setup\UMD.03\python\ProcessUMDFinalHeadZeta.py
ProcessUMDGeoCrosssections.py,D:\Users\jwhite\Projects\MiamiDade\_CWM\pest_setup\UMD.03\python\ProcessUMDGeoCrosssections.py
ProcessUMDGWObs.py,D:\Users\jwhite\Projects\MiamiDade\_CWM\pest_setup\UMD.03\python\ProcessUMDGWObs.py
ProcessUMDHeads.py,D:\Users\jwhite\Projects\MiamiDade\_CWM\pest_setup\UMD.03\python\ProcessUMDHeads.py
ProcessUMDHK.py,D:\Users\jwhite\Projects\MiamiDade\_CWM\pest_setup\UMD.03\python\ProcessUMDHK.py
ProcessUMDSWRBudget.py,D:\Users\jwhite\Projects\MiamiDade\_CWM\pest_setup\UMD.03\python\ProcessUMDSWRBudget.py
ProcessUMDSWRC2WB.py,D:\Users\jwhite\Projects\MiamiDade\_CWM\pest_setup\UMD.03\python\ProcessUMDSWRC2WB.py
ProcessUMDSWRFlow.py,D:\Users\jwhite\Projects\MiamiDade\_CWM\pest_setup\UMD.03\python\ProcessUMDSWRFlow.py
ProcessUMDSWRNetFlow.py,D:\Users\jwhite\Projects\MiamiDade\_CWM\pest_setup\UMD.03\python\ProcessUMDSWRNetFlow.py
ProcessUMDSWRStage.py,D:\Users\jwhite\Projects\MiamiDade\_CWM\pest_setup\UMD.03\python\ProcessUMDSWRStage.py
ProcessUMDZeta.py,D:\Users\jwhite\Projects\MiamiDade\_CWM\pest_setup\UMD.03\python\ProcessUMDZeta.py
UMDUtils.py,D:\Users\jwhite\Projects\MiamiDade\_CWM\pest_setup\UMD.03\python\UMDUtils.py
MD_CWM_balance_weights.py,D:\Users\jwhite\Projects\MiamiDade\_CWM\pest_setup\_pyprojects\MD_CWM_balance_weights\MD_CWM_balance_weights\MD_CWM_balance_weights.py
MD_CWM_build_uncfile.py,D:\Users\jwhite\Projects\MiamiDade\_CWM\pest_setup\_pyprojects\MD_CWM_build_uncfile\MD_CWM_build_uncfile\MD_CWM_build_uncfile.py
MD_CWM_check_bf_series.py,D:\Users\jwhite\Projects\MiamiDade\_CWM\pest_setup\_pyprojects\MD_CWM_check_bf_series\MD_CWM_check_bf_series\MD_CWM_check_bf_series.py
MD_CWM_combine_smp.py,D:\Users\jwhite\Projects\MiamiDade\_CWM\pest_setup\_pyprojects\MD_CWM_combine_smp\MD_CWM_combine_smp\MD_CWM_combine_smp.py
MD_CWM_datefmt.py,D:\Users\jwhite\Projects\MiamiDade\_CWM\pest_setup\_pyprojects\MD_CWM_datefmt\MD_CWM_datefmt\MD_CWM_datefmt.py
MD_CWM_fac2real_list.py_1,D:\Users\jwhite\Projects\MiamiDade\_CWM\pest_setup\_pyprojects\MD_CWM_fac2real_list\MD_CWM_fac2real_list\MD_CWM_fac2real_list.py
MD_CWM_forward_run.py_1,D:\Users\jwhite\Projects\MiamiDade\_CWM\pest_setup\_pyprojects\MD_CWM_forward_run\MD_CWM_forward_run\MD_CWM_forward_run.py
MD_CWM_forward_run_02.py,D:\Users\jwhite\Projects\MiamiDade\_CWM\pest_setup\_pyprojects\MD_CWM_forward_run_02\MD_CWM_forward_run_02\MD_CWM_forward_run_02.py
MD_CWM_forward_run_03.py_1,D:\Users\jwhite\Projects\MiamiDade\_CWM\pest_setup\_pyprojects\MD_CWM_forward_run_03\MD_CWM_forward_run_03\MD_CWM_forward_run_03.py
MD_CWM_list_2_arrays.py_1,D:\Users\jwhite\Projects\MiamiDade\_CWM\pest_setup\_pyprojects\MD_CWM_list_2_arrays\MD_CWM_list_2_arrays\MD_CWM_list_2_arrays.py
MD_CWM_make_fake_smps.py,D:\Users\jwhite\Projects\MiamiDade\_CWM\pest_setup\_pyprojects\MD_CWM_make_fake_smps\MD_CWM_make_fake_smps\MD_CWM_make_fake_smps.py
MD_CWM_make_obs_shape.py,D:\Users\jwhite\Projects\MiamiDade\_CWM\pest_setup\_pyprojects\MD_CWM_make_obs_shape\MD_CWM_make_obs_shape\MD_CWM_make_obs_shape.py
MD_CWM_make_swr_cond_params.py,D:\Users\jwhite\Projects\MiamiDade\_CWM\pest_setup\_pyprojects\MD_CWM_make_swr_cond_params\MD_CWM_make_swr_cond_params\MD_CWM_make_swr_cond_params.py
MD_CWM_pest_make_nxrd_grp_factors.py,D:\Users\jwhite\Projects\MiamiDade\_CWM\pest_setup\_pyprojects\MD_CWM_pest_make_nxrd_grp_factors\MD_CWM_pest_make_nxrd_grp_factors\MD_CWM_pest_make_nxrd_grp_factors.py
MD_CWM_pest_prep_4_unc.py,D:\Users\jwhite\Projects\MiamiDade\_CWM\pest_setup\_pyprojects\MD_CWM_pest_prep_4_unc\MD_CWM_pest_prep_4_unc\MD_CWM_pest_prep_4_unc.py
MD_CWM_pest_setup_BLU_params.py,D:\Users\jwhite\Projects\MiamiDade\_CWM\pest_setup\_pyprojects\MD_CWM_pest_setup_BLU_params\MD_CWM_pest_setup_BLU_params\MD_CWM_pest_setup_BLU_params.py
MD_CWM_pest_setup_nexrad_pixel_params.py,D:\Users\jwhite\Projects\MiamiDade\_CWM\pest_setup\_pyprojects\MD_CWM_pest_setup_nexrad_pixel_params\MD_CWM_pest_setup_nexrad_pixel_params\MD_CWM_pest_setup_nexrad_pixel_params.py
MD_CWM_pest_setup_pp_locs.py,D:\Users\jwhite\Projects\MiamiDade\_CWM\pest_setup\_pyprojects\MD_CWM_pest_setup_pp_locs\MD_CWM_pest_setup_pp_locs\MD_CWM_pest_setup_pp_locs.py
MD_CWM_plot_obs_mod_series.py,D:\Users\jwhite\Projects\MiamiDade\_CWM\pest_setup\_pyprojects\MD_CWM_plot_obs_mod_series\MD_CWM_plot_obs_mod_series\MD_CWM_plot_obs_mod_series.py
MD_CWM_plot_tsproc_obs.py,D:\Users\jwhite\Projects\MiamiDade\_CWM\pest_setup\_pyprojects\MD_CWM_plot_tsproc_obs\MD_CWM_plot_tsproc_obs\MD_CWM_plot_tsproc_obs.py
MD_CWM_rename_baseflow_sites.py,D:\Users\jwhite\Projects\MiamiDade\_CWM\pest_setup\_pyprojects\MD_CWM_rename_baseflow_sites\MD_CWM_rename_baseflow_sites\MD_CWM_rename_baseflow_sites.py
MD_CWM_tsproc_setup.py,D:\Users\jwhite\Projects\MiamiDade\_CWM\pest_setup\_pyprojects\MD_CWM_tsproc_setup\MD_CWM_tsproc_setup\MD_CWM_tsproc_setup.py
MD_CWM_tsproc_setup_02.py,D:\Users\jwhite\Projects\MiamiDade\_CWM\pest_setup\_pyprojects\MD_CWM_tsproc_setup_02\MD_CWM_tsproc_setup_02\MD_CWM_tsproc_setup_02.py
ProcessUMDSWRNetFlow.py_1,D:\Users\jwhite\Projects\MiamiDade\_CWM\pest_setup\_pyprojects\ProcessUMDSWRNetFlow\ProcessUMDSWRNetFlow\ProcessUMDSWRNetFlow.py
simple.py_1,D:\Users\jwhite\Projects\simplification\simple.py
simplification_build_geometry.py,D:\Users\jwhite\Projects\simplification\_pyprojects\older\simplification_build_geometry\simplification_build_geometry\simplification_build_geometry.py
simplification_interp_topo.py,D:\Users\jwhite\Projects\simplification\_pyprojects\older\simplification_interp_topo\simplification_interp_topo\simplification_interp_topo.py
simplification_add_ibound_2_grid.py,D:\Users\jwhite\Projects\simplification\_pyprojects\simplification_add_ibound_2_grid\simplification_add_ibound_2_grid\simplification_add_ibound_2_grid.py
simplification_apply_bc_factors.py,D:\Users\jwhite\Projects\simplification\_pyprojects\simplification_apply_bc_factors\simplification_apply_bc_factors\simplification_apply_bc_factors.py
simplification_build_halfgrid.py,D:\Users\jwhite\Projects\simplification\_pyprojects\simplification_build_halfgrid\simplification_build_halfgrid\simplification_build_halfgrid.py
simplification_build_halflayer.py,D:\Users\jwhite\Projects\simplification\_pyprojects\simplification_build_halflayer\simplification_build_halflayer\simplification_build_halflayer.py
simplification_build_ibound.py,D:\Users\jwhite\Projects\simplification\_pyprojects\simplification_build_ibound\simplification_build_ibound\simplification_build_ibound.py
simplification_build_model.py,D:\Users\jwhite\Projects\simplification\_pyprojects\simplification_build_model\simplification_build_model\simplification_build_model.py
simplification_build_modpath.py,D:\Users\jwhite\Projects\simplification\_pyprojects\simplification_build_modpath\simplification_build_modpath\simplification_build_modpath.py
simplification_build_mwn2.py,D:\Users\jwhite\Projects\simplification\_pyprojects\simplification_build_mwn2\simplification_build_mwn2\simplification_build_mwn2.py
simplification_build_particle_startpoint.py,D:\Users\jwhite\Projects\simplification\_pyprojects\simplification_build_particle_startpoint\simplification_build_particle_startpoint\simplification_build_particle_startpoint.py
simplification_build_swr.py,D:\Users\jwhite\Projects\simplification\_pyprojects\simplification_build_swr\simplification_build_swr\simplification_build_swr.py
simplification_check_bc_ibound.py,D:\Users\jwhite\Projects\simplification\_pyprojects\simplification_check_bc_ibound\simplification_check_bc_ibound\simplification_check_bc_ibound.py
simplification_compare_lst.py,D:\Users\jwhite\Projects\simplification\_pyprojects\simplification_compare_lst\simplification_compare_lst\simplification_compare_lst.py
simplification_compare_obs.py,D:\Users\jwhite\Projects\simplification\_pyprojects\simplification_compare_obs\simplification_compare_obs\simplification_compare_obs.py
simplification_fac2real.py,D:\Users\jwhite\Projects\simplification\_pyprojects\simplification_fac2real\simplification_fac2real\simplification_fac2real.py
simplification_forward_run.py.py,D:\Users\jwhite\Projects\simplification\_pyprojects\simplification_forward_run.py\simplification_forward_run.py\simplification_forward_run.py.py
simplification_get_arrays_from_shape.py,D:\Users\jwhite\Projects\simplification\_pyprojects\simplification_get_arrays_from_shape\simplification_get_arrays_from_shape\simplification_get_arrays_from_shape.py
simplification_make_grid_shape.py,D:\Users\jwhite\Projects\simplification\_pyprojects\simplification_make_grid_shape\simplification_make_grid_shape\simplification_make_grid_shape.py
simplification_plot_results.py,D:\Users\jwhite\Projects\simplification\_pyprojects\simplification_plot_results\simplification_plot_results\simplification_plot_results.py
simplification_pp_setup.py,D:\Users\jwhite\Projects\simplification\_pyprojects\simplification_pp_setup\simplification_pp_setup\simplification_pp_setup.py
simplification_prep_bc.py,D:\Users\jwhite\Projects\simplification\_pyprojects\simplification_prep_bc\simplification_prep_bc\simplification_prep_bc.py
simplification_sample_arrays.py,D:\Users\jwhite\Projects\simplification\_pyprojects\simplification_sample_arrays\simplification_sample_arrays\simplification_sample_arrays.py
simplification_sample_bcs.py,D:\Users\jwhite\Projects\simplification\_pyprojects\simplification_sample_bcs\simplification_sample_bcs\simplification_sample_bcs.py
simplification_setup_obs.py,D:\Users\jwhite\Projects\simplification\_pyprojects\simplification_setup_obs\simplification_setup_obs\simplification_setup_obs.py
simplification_setup_simple_pars.py,D:\Users\jwhite\Projects\simplification\_pyprojects\simplification_setup_simple_pars\simplification_setup_simple_pars\simplification_setup_simple_pars.py
simplification_setup_tsproc.py,D:\Users\jwhite\Projects\simplification\_pyprojects\simplification_setup_tsproc\simplification_setup_tsproc\simplification_setup_tsproc.py
simplification_thk2botm.py,D:\Users\jwhite\Projects\simplification\_pyprojects\simplification_thk2botm\simplification_thk2botm\simplification_thk2botm.py
add_attribute.py,D:\Users\jwhite\Projects\Tsala\add_attribute.py
add_cellElev_2_reaches.py,D:\Users\jwhite\Projects\Tsala\add_cellElev_2_reaches.py
add_pixel_data.py,D:\Users\jwhite\Projects\Tsala\add_pixel_data.py
buildConn.py_1,D:\Users\jwhite\Projects\Tsala\buildConn.py
build_swr_datasets.py,D:\Users\jwhite\Projects\Tsala\build_swr_datasets.py
calc_avg_elev.py,D:\Users\jwhite\Projects\Tsala\calc_avg_elev.py
calc_avg_elev_mod.py,D:\Users\jwhite\Projects\Tsala\calc_avg_elev_mod.py
combine_hydrography.py,D:\Users\jwhite\Projects\Tsala\combine_hydrography.py
make_arrays.py_1,D:\Users\jwhite\Projects\Tsala\make_arrays.py
make_grid.py_1,D:\Users\jwhite\Projects\Tsala\make_grid.py
make_grid_2.py,D:\Users\jwhite\Projects\Tsala\make_grid_2.py
make_grid_centroids.py,D:\Users\jwhite\Projects\Tsala\make_grid_centroids.py
make_model_files.py,D:\Users\jwhite\Projects\Tsala\make_model_files.py
make_stage_head_shapes.py_2,D:\Users\jwhite\Projects\Tsala\make_stage_head_shapes.py
make_top_array.py,D:\Users\jwhite\Projects\Tsala\make_top_array.py
plot_heads.py_2,D:\Users\jwhite\Projects\Tsala\plot_heads.py
update_heads.py,D:\Users\jwhite\Projects\Tsala\update_heads.py
concant_dfs.py,D:\Users\jwhite\Projects\Tsala\NEXRAD and PET RET\concant_dfs.py
Tsala_make_nexrad_pixelshape_df.py,D:\Users\jwhite\Projects\Tsala\NEXRAD and PET RET\_pyprojects\Tsala_make_nexrad_pixelshape_df\Tsala_make_nexrad_pixelshape_df\Tsala_make_nexrad_pixelshape_df.py
Tsala_make_pixel_map.py,D:\Users\jwhite\Projects\Tsala\NEXRAD and PET RET\_pyprojects\Tsala_make_pixel_map\Tsala_make_pixel_map\Tsala_make_pixel_map.py
Tsala_map_forcing_arrays.py,D:\Users\jwhite\Projects\Tsala\NEXRAD and PET RET\_pyprojects\Tsala_map_forcing_arrays\Tsala_map_forcing_arrays\Tsala_map_forcing_arrays.py
Tsala_stack_forcing_data.py,D:\Users\jwhite\Projects\Tsala\NEXRAD and PET RET\_pyprojects\Tsala_stack_forcing_data\Tsala_stack_forcing_data\Tsala_stack_forcing_data.py
Tsala_summarize_forcing.py,D:\Users\jwhite\Projects\Tsala\NEXRAD and PET RET\_pyprojects\Tsala_summarize_forcing\Tsala_summarize_forcing\Tsala_summarize_forcing.py
tsala_summarize_forcing_pixels.py,D:\Users\jwhite\Projects\Tsala\NEXRAD and PET RET\_pyprojects\tsala_summarize_forcing_pixels\tsala_summarize_forcing_pixels\tsala_summarize_forcing_pixels.py
obj_plot.py,D:\Users\jwhite\Projects\Tsala\slide_pictures\obj_plot.py
make_gslib_unit_thickness.py,D:\Users\jwhite\Projects\Tsala\_hydrostrat\make_gslib_unit_thickness.py
copy2.py,D:\Users\jwhite\python\copy2\copy2\copy2.py
gridUtil.py,D:\Users\jwhite\python\gridUtil\gridUtil\gridUtil.py
make_2_fake_models.py,D:\Users\jwhite\python\gridUtil\gridUtil\make_2_fake_models.py
jco_handler_test.py,D:\Users\jwhite\python\jco_handler_test\jco_handler_test\jco_handler_test.py
keyPEST.py,D:\Users\jwhite\python\KeyPEST\KeyPEST\keyPEST.py
keyPESTdata.py,D:\Users\jwhite\python\KeyPEST\KeyPEST\keyPESTdata.py
load_4_mpl_test.py,D:\Users\jwhite\python\load_4_mpl_test\load_4_mpl_test\load_4_mpl_test.py
log_test.py,D:\Users\jwhite\python\log_test\log_test\log_test.py
mp_hanging.py,D:\Users\jwhite\python\mp_hanging\mp_hanging\mp_hanging.py
pandas_example.py,D:\Users\jwhite\python\pandas_example\pandas_example\pandas_example.py
pandas_test.py,D:\Users\jwhite\python\pandas_test\pandas_test\pandas_test.py
pestxml.py,D:\Users\jwhite\python\pestxml\pestxml\pestxml.py
plot_arrays_mp.py,D:\Users\jwhite\python\plot_arrays_mp\plot_arrays_mp\plot_arrays_mp.py
pstClass.py,D:\Users\jwhite\python\pstClass\pstClass\pstClass.py
read_smp_example.py,D:\Users\jwhite\python\read_smp_example\read_smp_example\read_smp_example.py
read_xml_example.py,D:\Users\jwhite\python\read_xml_example\read_xml_example\read_xml_example.py
remote_test.py,D:\Users\jwhite\python\remote_test\remote_test\remote_test.py
rename_array_mp.py,D:\Users\jwhite\python\rename_array_mp\rename_array_mp\rename_array_mp.py
shapefile_tester.py,D:\Users\jwhite\python\shapefile_tester\shapefile_tester\shapefile_tester.py
setup.py,D:\Users\jwhite\python27_installs\xlrd\xlrd-0.8.0\setup.py
biffh.py,D:\Users\jwhite\python27_installs\xlrd\xlrd-0.8.0\build\lib\xlrd\biffh.py
book.py,D:\Users\jwhite\python27_installs\xlrd\xlrd-0.8.0\build\lib\xlrd\book.py
compdoc.py,D:\Users\jwhite\python27_installs\xlrd\xlrd-0.8.0\build\lib\xlrd\compdoc.py
formatting.py,D:\Users\jwhite\python27_installs\xlrd\xlrd-0.8.0\build\lib\xlrd\formatting.py
formula.py,D:\Users\jwhite\python27_installs\xlrd\xlrd-0.8.0\build\lib\xlrd\formula.py
info.py,D:\Users\jwhite\python27_installs\xlrd\xlrd-0.8.0\build\lib\xlrd\info.py
licences.py,D:\Users\jwhite\python27_installs\xlrd\xlrd-0.8.0\build\lib\xlrd\licences.py
runxlrd.py,D:\Users\jwhite\python27_installs\xlrd\xlrd-0.8.0\scripts\runxlrd.py
biffh.py_1,D:\Users\jwhite\python27_installs\xlrd\xlrd-0.8.0\xlrd\biffh.py
book.py_1,D:\Users\jwhite\python27_installs\xlrd\xlrd-0.8.0\xlrd\book.py
compdoc.py_1,D:\Users\jwhite\python27_installs\xlrd\xlrd-0.8.0\xlrd\compdoc.py
formatting.py_1,D:\Users\jwhite\python27_installs\xlrd\xlrd-0.8.0\xlrd\formatting.py
formula.py_1,D:\Users\jwhite\python27_installs\xlrd\xlrd-0.8.0\xlrd\formula.py
info.py_1,D:\Users\jwhite\python27_installs\xlrd\xlrd-0.8.0\xlrd\info.py
licences.py_1,D:\Users\jwhite\python27_installs\xlrd\xlrd-0.8.0\xlrd\licences.py
sheet.py,D:\Users\jwhite\python27_installs\xlrd\xlrd-0.8.0\xlrd\sheet.py
timemachine.py,D:\Users\jwhite\python27_installs\xlrd\xlrd-0.8.0\xlrd\timemachine.py
xldate.py,D:\Users\jwhite\python27_installs\xlrd\xlrd-0.8.0\xlrd\xldate.py
xlsx.py,D:\Users\jwhite\python27_installs\xlrd\xlrd-0.8.0\xlrd\xlsx.py
__init__.py,D:\Users\jwhite\python27_installs\xlrd\xlrd-0.8.0\xlrd\__init__.py
xlrdnameAPIdemo.py,D:\Users\jwhite\python27_installs\xlrd\xlrd-0.8.0\xlrd\examples\xlrdnameAPIdemo.py
setup.py.py,D:\Users\jwhite\python27_installs\xlrd\xlrd-0.8.0\xlrd\setup.py\setup.py\setup.py.py
setup.py_1,D:\Users\jwhite\python27_installs\xlrd-0.8.0\setup.py
biffh.py_2,D:\Users\jwhite\python27_installs\xlrd-0.8.0\build\lib\xlrd\biffh.py
book.py_2,D:\Users\jwhite\python27_installs\xlrd-0.8.0\build\lib\xlrd\book.py
compdoc.py_2,D:\Users\jwhite\python27_installs\xlrd-0.8.0\build\lib\xlrd\compdoc.py
formatting.py_2,D:\Users\jwhite\python27_installs\xlrd-0.8.0\build\lib\xlrd\formatting.py
formula.py_2,D:\Users\jwhite\python27_installs\xlrd-0.8.0\build\lib\xlrd\formula.py
info.py_2,D:\Users\jwhite\python27_installs\xlrd-0.8.0\build\lib\xlrd\info.py
licences.py_2,D:\Users\jwhite\python27_installs\xlrd-0.8.0\build\lib\xlrd\licences.py
sheet.py_1,D:\Users\jwhite\python27_installs\xlrd-0.8.0\build\lib\xlrd\sheet.py
timemachine.py_1,D:\Users\jwhite\python27_installs\xlrd-0.8.0\build\lib\xlrd\timemachine.py
xldate.py_1,D:\Users\jwhite\python27_installs\xlrd-0.8.0\build\lib\xlrd\xldate.py
xlsx.py_1,D:\Users\jwhite\python27_installs\xlrd-0.8.0\build\lib\xlrd\xlsx.py
__init__.py_1,D:\Users\jwhite\python27_installs\xlrd-0.8.0\build\lib\xlrd\__init__.py
xlrdnameAPIdemo.py_1,D:\Users\jwhite\python27_installs\xlrd-0.8.0\build\lib\xlrd\examples\xlrdnameAPIdemo.py
runxlrd.py_1,D:\Users\jwhite\python27_installs\xlrd-0.8.0\build\scripts-2.7\runxlrd.py
runxlrd.py_2,D:\Users\jwhite\python27_installs\xlrd-0.8.0\scripts\runxlrd.py
biffh.py_3,D:\Users\jwhite\python27_installs\xlrd-0.8.0\xlrd\biffh.py
book.py_3,D:\Users\jwhite\python27_installs\xlrd-0.8.0\xlrd\book.py
compdoc.py_3,D:\Users\jwhite\python27_installs\xlrd-0.8.0\xlrd\compdoc.py
formatting.py_3,D:\Users\jwhite\python27_installs\xlrd-0.8.0\xlrd\formatting.py
formula.py_3,D:\Users\jwhite\python27_installs\xlrd-0.8.0\xlrd\formula.py
info.py_3,D:\Users\jwhite\python27_installs\xlrd-0.8.0\xlrd\info.py
licences.py_3,D:\Users\jwhite\python27_installs\xlrd-0.8.0\xlrd\licences.py
sheet.py_2,D:\Users\jwhite\python27_installs\xlrd-0.8.0\xlrd\sheet.py
timemachine.py_2,D:\Users\jwhite\python27_installs\xlrd-0.8.0\xlrd\timemachine.py
xldate.py_2,D:\Users\jwhite\python27_installs\xlrd-0.8.0\xlrd\xldate.py
xlsx.py_2,D:\Users\jwhite\python27_installs\xlrd-0.8.0\xlrd\xlsx.py
__init__.py_2,D:\Users\jwhite\python27_installs\xlrd-0.8.0\xlrd\__init__.py
xlrdnameAPIdemo.py_2,D:\Users\jwhite\python27_installs\xlrd-0.8.0\xlrd\examples\xlrdnameAPIdemo.py
mbase.py,D:\Users\jwhite\svn_repo\flopy2\mbase.py
setup.py_2,D:\Users\jwhite\svn_repo\flopy2\setup.py
__init__.py_3,D:\Users\jwhite\svn_repo\flopy2\__init__.py
mf.py,D:\Users\jwhite\svn_repo\flopy2\modflow\mf.py
mfaddoutsidefile.py,D:\Users\jwhite\svn_repo\flopy2\modflow\mfaddoutsidefile.py
mfbas.py,D:\Users\jwhite\svn_repo\flopy2\modflow\mfbas.py
mfbcf.py,D:\Users\jwhite\svn_repo\flopy2\modflow\mfbcf.py
mfchd.py,D:\Users\jwhite\svn_repo\flopy2\modflow\mfchd.py
mfdis.py,D:\Users\jwhite\svn_repo\flopy2\modflow\mfdis.py
mfdrn.py,D:\Users\jwhite\svn_repo\flopy2\modflow\mfdrn.py
mfevt.py,D:\Users\jwhite\svn_repo\flopy2\modflow\mfevt.py
mfghb.py,D:\Users\jwhite\svn_repo\flopy2\modflow\mfghb.py
mfgmg.py,D:\Users\jwhite\svn_repo\flopy2\modflow\mfgmg.py
mflmt.py,D:\Users\jwhite\svn_repo\flopy2\modflow\mflmt.py
mflpf.py,D:\Users\jwhite\svn_repo\flopy2\modflow\mflpf.py
mfmnw1.py,D:\Users\jwhite\svn_repo\flopy2\modflow\mfmnw1.py
mfmnw2.py,D:\Users\jwhite\svn_repo\flopy2\modflow\mfmnw2.py
mfmnwi.py,D:\Users\jwhite\svn_repo\flopy2\modflow\mfmnwi.py
mfnwt.py,D:\Users\jwhite\svn_repo\flopy2\modflow\mfnwt.py
mfoc.py,D:\Users\jwhite\svn_repo\flopy2\modflow\mfoc.py
mfpbc.py,D:\Users\jwhite\svn_repo\flopy2\modflow\mfpbc.py
mfpcg.py,D:\Users\jwhite\svn_repo\flopy2\modflow\mfpcg.py
mfrch.py,D:\Users\jwhite\svn_repo\flopy2\modflow\mfrch.py
mfriv.py,D:\Users\jwhite\svn_repo\flopy2\modflow\mfriv.py
mfsip.py,D:\Users\jwhite\svn_repo\flopy2\modflow\mfsip.py
mfsor.py,D:\Users\jwhite\svn_repo\flopy2\modflow\mfsor.py
mfswi.py,D:\Users\jwhite\svn_repo\flopy2\modflow\mfswi.py
mfswi2.py,D:\Users\jwhite\svn_repo\flopy2\modflow\mfswi2.py
mfupw.py,D:\Users\jwhite\svn_repo\flopy2\modflow\mfupw.py
mfuzf1.py,D:\Users\jwhite\svn_repo\flopy2\modflow\mfuzf1.py
mfwel.py,D:\Users\jwhite\svn_repo\flopy2\modflow\mfwel.py
__init__.py_4,D:\Users\jwhite\svn_repo\flopy2\modflow\__init__.py
mt.py,D:\Users\jwhite\svn_repo\flopy2\mt3dms\mt.py
mtadv.py,D:\Users\jwhite\svn_repo\flopy2\mt3dms\mtadv.py
mtbtn.py,D:\Users\jwhite\svn_repo\flopy2\mt3dms\mtbtn.py
mtdsp.py,D:\Users\jwhite\svn_repo\flopy2\mt3dms\mtdsp.py
mtgcg.py,D:\Users\jwhite\svn_repo\flopy2\mt3dms\mtgcg.py
mtphc.py,D:\Users\jwhite\svn_repo\flopy2\mt3dms\mtphc.py
mtrct.py,D:\Users\jwhite\svn_repo\flopy2\mt3dms\mtrct.py
mtssm.py,D:\Users\jwhite\svn_repo\flopy2\mt3dms\mtssm.py
mttob.py,D:\Users\jwhite\svn_repo\flopy2\mt3dms\mttob.py
__init__.py_5,D:\Users\jwhite\svn_repo\flopy2\mt3dms\__init__.py
swt.py,D:\Users\jwhite\svn_repo\flopy2\seawat\swt.py
swtvdf.py,D:\Users\jwhite\svn_repo\flopy2\seawat\swtvdf.py
__init__.py_6,D:\Users\jwhite\svn_repo\flopy2\seawat\__init__.py
mfreadbinaries.py,D:\Users\jwhite\svn_repo\flopy2\utils\mfreadbinaries.py
mtreadbinaries.py,D:\Users\jwhite\svn_repo\flopy2\utils\mtreadbinaries.py
util_array.py,D:\Users\jwhite\svn_repo\flopy2\utils\util_array.py
util_list.py,D:\Users\jwhite\svn_repo\flopy2\utils\util_list.py
__init__.py_7,D:\Users\jwhite\svn_repo\flopy2\utils\__init__.py
coarse_config.py_3,D:\Users\jwhite\svn_repo\_pyprojects\flopy2_henry_example\flopy2_henry_example\coarse_config.py
flopy2_henry_example.py,D:\Users\jwhite\svn_repo\_pyprojects\flopy2_henry_example\flopy2_henry_example\flopy2_henry_example.py
flopy2_lake_example.py,D:\Users\jwhite\svn_repo\_pyprojects\flopy2_lake_example\flopy2_lake_example\flopy2_lake_example.py
flopy2_util_demo.py,D:\Users\jwhite\svn_repo\_pyprojects\flopy2_util_demo\flopy2_util_demo\flopy2_util_demo.py
